TN:
SF:src/api.ts
FN:4,WidgetApiError
FN:17,WidgetApiClient
FN:22,fetchWidgetConfig
FN:28,fetchSummary
FN:34,markSummaryRead
FN:39,request
FNF:6
FNH:6
FNDA:5,WidgetApiError
FNDA:13,WidgetApiClient
FNDA:10,fetchWidgetConfig
FNDA:5,fetchSummary
FNDA:3,markSummaryRead
FNDA:18,request
DA:1,1
DA:2,1
DA:3,1
DA:4,1
DA:5,5
DA:6,5
DA:7,5
DA:8,5
DA:9,5
DA:10,5
DA:11,5
DA:12,1
DA:13,1
DA:14,1
DA:15,1
DA:16,1
DA:17,1
DA:18,13
DA:19,13
DA:20,13
DA:21,1
DA:22,1
DA:23,10
DA:24,10
DA:25,7
DA:26,10
DA:27,1
DA:28,1
DA:29,5
DA:30,5
DA:31,3
DA:32,5
DA:33,1
DA:34,1
DA:35,3
DA:36,3
DA:37,3
DA:38,1
DA:39,1
DA:40,18
DA:41,18
DA:42,18
DA:43,18
DA:44,18
DA:45,18
DA:46,18
DA:47,18
DA:48,18
DA:49,18
DA:50,18
DA:51,18
DA:52,18
DA:53,18
DA:54,18
DA:55,2
DA:56,2
DA:57,2
DA:58,2
DA:59,2
DA:60,2
DA:61,16
DA:62,18
DA:63,3
DA:64,3
DA:65,3
DA:66,3
DA:67,3
DA:68,3
DA:69,3
DA:70,3
DA:71,3
DA:72,0
DA:73,0
DA:74,3
DA:75,3
DA:76,2
DA:77,2
DA:78,2
DA:79,1
DA:80,1
DA:81,1
DA:82,0
DA:83,0
DA:84,0
DA:85,3
DA:86,3
DA:87,3
DA:88,13
DA:89,13
DA:90,18
DA:91,1
LF:91
LH:86
BRDA:4,0,0,5
BRDA:17,1,0,13
BRDA:22,2,0,10
BRDA:24,3,0,7
BRDA:28,4,0,5
BRDA:30,5,0,3
BRDA:34,6,0,3
BRDA:39,7,0,18
BRDA:53,8,0,16
BRDA:54,9,0,2
BRDA:60,10,0,16
BRDA:62,11,0,3
BRDA:71,12,0,0
BRDA:75,13,0,2
BRDA:77,14,0,0
BRDA:78,15,0,1
BRDA:80,16,0,0
BRDA:81,17,0,0
BRDA:87,18,0,13
BRF:19
BRH:15
end_of_record
TN:
SF:src/constants.ts
FNF:0
FNH:0
DA:1,1
DA:2,1
DA:3,1
DA:4,1
DA:5,1
DA:6,1
DA:7,1
DA:8,1
DA:9,1
DA:10,1
LF:10
LH:10
BRF:0
BRH:0
end_of_record
TN:
SF:src/controller.ts
FN:25,WidgetController
FN:31,init
FN:37,langChangeHandler
FN:46,tokenSubmitHandler
FN:78,destroy
FN:99,loadSummary
FN:117,renderSummary
FN:130,showTokenForm
FN:142,showError
FN:161,handleLanguageChange
FN:168,handleTokenSubmit
FN:172,extractTokenFromURL
FNF:12
FNH:12
FNDA:7,WidgetController
FNDA:7,init
FNDA:1,langChangeHandler
FNDA:1,tokenSubmitHandler
FNDA:2,destroy
FNDA:3,loadSummary
FNDA:3,renderSummary
FNDA:4,showTokenForm
FNDA:2,showError
FNDA:1,handleLanguageChange
FNDA:1,handleTokenSubmit
FNDA:6,extractTokenFromURL
DA:1,1
DA:2,1
DA:3,1
DA:4,1
DA:5,1
DA:6,1
DA:7,1
DA:8,1
DA:9,1
DA:10,1
DA:11,1
DA:12,1
DA:13,1
DA:14,1
DA:15,1
DA:16,1
DA:17,1
DA:18,1
DA:19,1
DA:20,1
DA:21,1
DA:22,1
DA:23,1
DA:24,1
DA:25,1
DA:26,7
DA:27,7
DA:28,7
DA:29,7
DA:30,1
DA:31,1
DA:32,7
DA:33,7
DA:34,7
DA:35,7
DA:36,7
DA:37,7
DA:38,1
DA:39,1
DA:40,1
DA:41,1
DA:42,1
DA:43,7
DA:44,7
DA:45,7
DA:46,7
DA:47,1
DA:48,1
DA:49,1
DA:50,1
DA:51,1
DA:52,7
DA:53,7
DA:54,7
DA:55,7
DA:56,7
DA:57,7
DA:58,7
DA:59,7
DA:60,7
DA:61,7
DA:62,7
DA:63,1
DA:64,1
DA:65,1
DA:66,1
DA:67,1
DA:68,6
DA:69,6
DA:70,6
DA:71,7
DA:72,2
DA:73,4
DA:74,4
DA:75,4
DA:76,7
DA:77,1
DA:78,1
DA:79,2
DA:80,2
DA:81,2
DA:82,2
DA:83,2
DA:84,2
DA:85,2
DA:86,2
DA:87,2
DA:88,2
DA:89,2
DA:90,2
DA:91,2
DA:92,2
DA:93,2
DA:94,2
DA:95,2
DA:96,2
DA:97,2
DA:98,1
DA:99,1
DA:100,3
DA:101,3
DA:102,3
DA:103,3
DA:104,2
DA:105,2
DA:106,2
DA:107,2
DA:108,0
DA:109,2
DA:110,2
DA:111,1
DA:112,1
DA:113,1
DA:114,1
DA:115,3
DA:116,1
DA:117,1
DA:118,3
DA:119,3
DA:120,3
DA:121,3
DA:122,3
DA:123,3
DA:124,3
DA:125,3
DA:126,3
DA:127,3
DA:128,3
DA:129,1
DA:130,1
DA:131,4
DA:132,4
DA:133,4
DA:134,4
DA:135,4
DA:136,4
DA:137,4
DA:138,4
DA:139,4
DA:140,4
DA:141,1
DA:142,1
DA:143,2
DA:144,2
DA:145,2
DA:146,1
DA:147,1
DA:148,1
DA:149,1
DA:150,1
DA:151,1
DA:152,1
DA:153,1
DA:154,1
DA:155,1
DA:156,1
DA:157,2
DA:158,2
DA:159,2
DA:160,1
DA:161,1
DA:162,1
DA:163,1
DA:164,1
DA:165,1
DA:166,1
DA:167,1
DA:168,1
DA:169,1
DA:170,1
DA:171,1
DA:172,1
DA:173,6
DA:174,6
DA:175,2
DA:176,2
DA:177,2
DA:178,6
DA:179,1
LF:179
LH:178
BRDA:25,0,0,7
BRDA:31,1,0,7
BRDA:61,2,0,6
BRDA:62,3,0,1
BRDA:64,4,0,0
BRDA:67,5,0,6
BRDA:71,6,0,4
BRDA:71,7,0,2
BRDA:37,8,0,1
BRDA:46,9,0,1
BRDA:78,10,0,2
BRDA:99,11,0,3
BRDA:100,12,0,0
BRDA:103,13,0,2
BRDA:110,14,0,1
BRDA:112,15,0,0
BRDA:117,16,0,3
BRDA:118,17,0,0
BRDA:130,18,0,4
BRDA:131,19,0,0
BRDA:142,20,0,2
BRDA:143,21,0,0
BRDA:145,22,0,1
BRDA:146,23,0,1
BRDA:161,24,0,1
BRDA:168,25,0,1
BRDA:172,26,0,6
BRDA:174,27,0,4
BRDA:174,28,0,2
BRF:29
BRH:23
end_of_record
TN:
SF:src/embed.ts
FN:11,WidgetEmbed
FN:15,mount
FN:60,updateContent
FN:66,setHeight
FN:76,destroy
FN:87,setupMessageListener
FN:88,messageHandler
FNF:7
FNH:5
FNDA:16,WidgetEmbed
FNDA:17,mount
FNDA:10,updateContent
FNDA:0,setHeight
FNDA:3,destroy
FNDA:15,setupMessageListener
FNDA:0,messageHandler
DA:1,1
DA:2,1
DA:3,1
DA:4,1
DA:5,1
DA:6,1
DA:7,1
DA:8,1
DA:9,1
DA:10,1
DA:11,1
DA:12,16
DA:13,16
DA:14,1
DA:15,1
DA:16,17
DA:17,17
DA:18,1
DA:19,1
DA:20,1
DA:21,1
DA:22,16
DA:23,16
DA:24,17
DA:25,1
DA:26,1
DA:27,15
DA:28,15
DA:29,15
DA:30,15
DA:31,15
DA:32,15
DA:33,15
DA:34,15
DA:35,15
DA:36,15
DA:37,15
DA:38,15
DA:39,15
DA:40,15
DA:41,15
DA:42,15
DA:43,15
DA:44,15
DA:45,15
DA:46,15
DA:47,15
DA:48,15
DA:49,15
DA:50,15
DA:51,15
DA:52,15
DA:53,15
DA:54,15
DA:55,15
DA:56,15
DA:57,15
DA:58,17
DA:59,1
DA:60,1
DA:61,10
DA:62,10
DA:63,10
DA:64,10
DA:65,1
DA:66,1
DA:67,0
DA:68,0
DA:69,0
DA:70,0
DA:71,0
DA:72,0
DA:73,0
DA:74,0
DA:75,1
DA:76,1
DA:77,3
DA:78,3
DA:79,3
DA:80,3
DA:81,3
DA:82,3
DA:83,3
DA:84,3
DA:85,3
DA:86,1
DA:87,1
DA:88,15
DA:89,0
DA:90,0
DA:91,0
DA:92,0
DA:93,0
DA:94,0
DA:95,0
DA:96,0
DA:97,0
DA:98,0
DA:99,0
DA:100,0
DA:101,0
DA:102,0
DA:103,0
DA:104,0
DA:105,0
DA:106,0
DA:107,0
DA:108,0
DA:109,0
DA:110,0
DA:111,0
DA:112,0
DA:113,0
DA:114,0
DA:115,0
DA:116,0
DA:117,0
DA:118,0
DA:119,15
DA:120,15
DA:121,15
DA:122,1
LF:122
LH:84
BRDA:11,0,0,16
BRDA:15,1,0,17
BRDA:17,2,0,1
BRDA:21,3,0,16
BRDA:24,4,0,1
BRDA:24,5,0,1
BRDA:26,6,0,15
BRDA:60,7,0,10
BRDA:76,8,0,3
BRDA:87,9,0,15
BRF:10
BRH:10
end_of_record
TN:
SF:src/i18n.ts
FN:70,getTranslation
FNF:1
FNH:1
FNDA:43,getTranslation
DA:1,1
DA:2,1
DA:3,1
DA:4,1
DA:5,1
DA:6,1
DA:7,1
DA:8,1
DA:9,1
DA:10,1
DA:11,1
DA:12,1
DA:13,1
DA:14,1
DA:15,1
DA:16,1
DA:17,1
DA:18,1
DA:19,1
DA:20,1
DA:21,1
DA:22,1
DA:23,1
DA:24,1
DA:25,1
DA:26,1
DA:27,1
DA:28,1
DA:29,1
DA:30,1
DA:31,1
DA:32,1
DA:33,1
DA:34,1
DA:35,1
DA:36,1
DA:37,1
DA:38,1
DA:39,1
DA:40,1
DA:41,1
DA:42,1
DA:43,1
DA:44,1
DA:45,1
DA:46,1
DA:47,1
DA:48,1
DA:49,1
DA:50,1
DA:51,1
DA:52,1
DA:53,1
DA:54,1
DA:55,1
DA:56,1
DA:57,1
DA:58,1
DA:59,1
DA:60,1
DA:61,1
DA:62,1
DA:63,1
DA:64,1
DA:65,1
DA:66,1
DA:67,1
DA:68,1
DA:69,1
DA:70,1
DA:71,43
DA:72,43
LF:72
LH:72
BRDA:70,0,0,43
BRDA:71,1,0,1
BRF:2
BRH:2
end_of_record
TN:
SF:src/index.ts
FN:13,parseScriptAttributes
FN:48,autoInit
FN:73,destroy
FNF:3
FNH:2
FNDA:6,parseScriptAttributes
FNDA:1,autoInit
FNDA:0,destroy
DA:1,1
DA:2,1
DA:3,1
DA:4,1
DA:5,1
DA:6,1
DA:7,1
DA:8,1
DA:9,1
DA:10,1
DA:11,1
DA:12,1
DA:13,1
DA:14,6
DA:15,6
DA:16,6
DA:17,6
DA:18,1
DA:19,1
DA:20,5
DA:21,6
DA:22,6
DA:23,6
DA:24,6
DA:25,6
DA:26,6
DA:27,6
DA:28,6
DA:29,6
DA:30,6
DA:31,6
DA:32,6
DA:33,6
DA:34,6
DA:35,6
DA:36,6
DA:37,6
DA:38,6
DA:39,6
DA:40,6
DA:41,6
DA:42,6
DA:43,1
DA:44,1
DA:45,1
DA:46,1
DA:47,1
DA:48,1
DA:49,1
DA:50,1
DA:51,1
DA:52,1
DA:53,1
DA:54,0
DA:55,0
DA:56,0
DA:57,0
DA:58,0
DA:59,1
DA:60,1
DA:61,1
DA:62,0
DA:63,0
DA:64,0
DA:65,0
DA:66,0
DA:67,1
DA:68,1
DA:69,1
DA:70,1
DA:71,1
DA:72,1
DA:73,1
DA:74,1
DA:75,1
DA:76,1
DA:77,1
DA:78,1
DA:79,1
DA:80,0
DA:81,1
DA:82,1
DA:83,0
DA:84,1
DA:85,1
DA:86,0
DA:87,0
DA:88,0
DA:89,0
DA:90,0
DA:91,0
DA:92,1
DA:93,1
DA:94,1
DA:95,1
DA:96,1
DA:97,1
DA:98,1
DA:99,1
DA:100,1
LF:100
LH:82
BRDA:13,0,0,6
BRDA:17,1,0,1
BRDA:19,2,0,5
BRDA:21,3,0,1
BRDA:23,4,0,0
BRDA:23,5,0,5
BRDA:25,6,0,1
BRDA:27,7,0,0
BRDA:27,8,0,5
BRDA:30,9,0,5
BRDA:33,10,0,5
BRDA:48,11,0,1
BRDA:53,12,0,0
BRDA:61,13,0,0
BRDA:79,14,0,0
BRDA:85,15,0,0
BRF:16
BRH:10
end_of_record
TN:
SF:src/renderer.ts
FN:11,escapeHTML
FN:18,cspMetaTag
FN:23,headBlock
FN:34,renderSummaryHTML
FN:118,renderLoadingHTML
FN:133,renderErrorHTML
FN:164,renderTokenFormHTML
FNF:7
FNH:7
FNDA:252,escapeHTML
FNDA:38,cspMetaTag
FNDA:38,headBlock
FNDA:13,renderSummaryHTML
FNDA:16,renderLoadingHTML
FNDA:4,renderErrorHTML
FNDA:5,renderTokenFormHTML
DA:1,1
DA:2,1
DA:3,1
DA:4,1
DA:5,1
DA:6,1
DA:7,1
DA:8,1
DA:9,1
DA:10,1
DA:11,252
DA:12,252
DA:13,252
DA:14,252
DA:15,252
DA:16,1
DA:17,1
DA:18,38
DA:19,38
DA:20,38
DA:21,1
DA:22,1
DA:23,38
DA:24,38
DA:25,38
DA:26,38
DA:27,38
DA:28,38
DA:29,38
DA:30,38
DA:31,38
DA:32,38
DA:33,1
DA:34,1
DA:35,13
DA:36,13
DA:37,13
DA:38,13
DA:39,13
DA:40,13
DA:41,13
DA:42,13
DA:43,2
DA:44,11
DA:45,13
DA:46,13
DA:47,13
DA:48,0
DA:49,13
DA:50,13
DA:51,13
DA:52,13
DA:53,13
DA:54,13
DA:55,13
DA:56,13
DA:57,13
DA:58,15
DA:59,15
DA:60,13
DA:61,13
DA:62,0
DA:63,0
DA:64,0
DA:65,13
DA:66,13
DA:67,13
DA:68,13
DA:69,13
DA:70,13
DA:71,13
DA:72,13
DA:73,13
DA:74,13
DA:75,13
DA:76,13
DA:77,13
DA:78,13
DA:79,13
DA:80,13
DA:81,13
DA:82,13
DA:83,13
DA:84,13
DA:85,13
DA:86,13
DA:87,13
DA:88,13
DA:89,13
DA:90,13
DA:91,13
DA:92,13
DA:93,13
DA:94,13
DA:95,13
DA:96,13
DA:97,13
DA:98,13
DA:99,13
DA:100,13
DA:101,13
DA:102,13
DA:103,13
DA:104,13
DA:105,13
DA:106,13
DA:107,13
DA:108,13
DA:109,13
DA:110,13
DA:111,13
DA:112,13
DA:113,13
DA:114,13
DA:115,13
DA:116,13
DA:117,1
DA:118,1
DA:119,16
DA:120,16
DA:121,16
DA:122,16
DA:123,16
DA:124,16
DA:125,16
DA:126,16
DA:127,16
DA:128,16
DA:129,16
DA:130,16
DA:131,16
DA:132,1
DA:133,1
DA:134,4
DA:135,4
DA:136,4
DA:137,4
DA:138,4
DA:139,4
DA:140,4
DA:141,4
DA:142,1
DA:143,1
DA:144,4
DA:145,1
DA:146,1
DA:147,4
DA:148,1
DA:149,1
DA:150,4
DA:151,1
DA:152,1
DA:153,4
DA:154,4
DA:155,4
DA:156,4
DA:157,4
DA:158,4
DA:159,4
DA:160,4
DA:161,4
DA:162,4
DA:163,1
DA:164,1
DA:165,5
DA:166,5
DA:167,5
DA:168,5
DA:169,5
DA:170,5
DA:171,4
DA:172,1
DA:173,5
DA:174,5
DA:175,5
DA:176,5
DA:177,5
DA:178,5
DA:179,5
DA:180,5
DA:181,5
DA:182,5
DA:183,5
DA:184,5
DA:185,5
DA:186,5
DA:187,5
DA:188,5
DA:189,5
DA:190,5
DA:191,5
DA:192,5
DA:193,5
DA:194,5
DA:195,5
DA:196,5
DA:197,5
DA:198,5
DA:199,5
DA:200,5
DA:201,5
DA:202,5
LF:202
LH:198
BRDA:11,0,0,252
BRDA:18,1,0,38
BRDA:23,2,0,38
BRDA:34,3,0,13
BRDA:42,4,0,2
BRDA:42,5,0,2
BRDA:43,6,0,11
BRDA:47,7,0,0
BRDA:61,8,0,0
BRDA:67,9,0,11
BRDA:67,10,0,2
BRDA:68,11,0,2
BRDA:68,12,0,11
BRDA:57,13,0,15
BRDA:118,14,0,16
BRDA:133,15,0,4
BRDA:141,16,0,1
BRDA:144,17,0,1
BRDA:147,18,0,1
BRDA:150,19,0,1
BRDA:164,20,0,5
BRDA:170,21,0,4
BRDA:171,22,0,1
BRF:23
BRH:21
end_of_record
TN:
SF:src/styles.ts
FNF:0
FNH:0
DA:1,1
DA:2,1
DA:3,1
DA:4,1
DA:5,1
DA:6,1
DA:7,1
DA:8,1
DA:9,1
DA:10,1
DA:11,1
DA:12,1
DA:13,1
DA:14,1
DA:15,1
DA:16,1
DA:17,1
DA:18,1
DA:19,1
DA:20,1
DA:21,1
DA:22,1
DA:23,1
DA:24,1
DA:25,1
DA:26,1
DA:27,1
DA:28,1
DA:29,1
DA:30,1
DA:31,1
DA:32,1
DA:33,1
DA:34,1
DA:35,1
DA:36,1
DA:37,1
DA:38,1
DA:39,1
DA:40,1
DA:41,1
DA:42,1
DA:43,1
DA:44,1
DA:45,1
DA:46,1
DA:47,1
DA:48,1
DA:49,1
DA:50,1
DA:51,1
DA:52,1
DA:53,1
DA:54,1
DA:55,1
DA:56,1
DA:57,1
DA:58,1
DA:59,1
DA:60,1
DA:61,1
DA:62,1
DA:63,1
DA:64,1
DA:65,1
DA:66,1
DA:67,1
DA:68,1
DA:69,1
DA:70,1
DA:71,1
DA:72,1
DA:73,1
DA:74,1
DA:75,1
DA:76,1
DA:77,1
DA:78,1
DA:79,1
DA:80,1
DA:81,1
DA:82,1
DA:83,1
DA:84,1
DA:85,1
DA:86,1
DA:87,1
DA:88,1
DA:89,1
DA:90,1
DA:91,1
DA:92,1
DA:93,1
DA:94,1
DA:95,1
DA:96,1
DA:97,1
DA:98,1
DA:99,1
DA:100,1
DA:101,1
DA:102,1
DA:103,1
DA:104,1
DA:105,1
DA:106,1
DA:107,1
DA:108,1
DA:109,1
DA:110,1
DA:111,1
DA:112,1
DA:113,1
DA:114,1
DA:115,1
DA:116,1
DA:117,1
DA:118,1
DA:119,1
DA:120,1
DA:121,1
DA:122,1
DA:123,1
DA:124,1
DA:125,1
DA:126,1
DA:127,1
DA:128,1
DA:129,1
DA:130,1
DA:131,1
DA:132,1
DA:133,1
DA:134,1
DA:135,1
DA:136,1
DA:137,1
DA:138,1
DA:139,1
DA:140,1
DA:141,1
DA:142,1
DA:143,1
DA:144,1
DA:145,1
DA:146,1
DA:147,1
DA:148,1
DA:149,1
DA:150,1
DA:151,1
DA:152,1
DA:153,1
DA:154,1
DA:155,1
DA:156,1
DA:157,1
DA:158,1
DA:159,1
DA:160,1
DA:161,1
DA:162,1
DA:163,1
DA:164,1
DA:165,1
DA:166,1
DA:167,1
DA:168,1
DA:169,1
DA:170,1
DA:171,1
DA:172,1
DA:173,1
DA:174,1
DA:175,1
DA:176,1
DA:177,1
DA:178,1
DA:179,1
DA:180,1
DA:181,1
DA:182,1
DA:183,1
DA:184,1
DA:185,1
DA:186,1
DA:187,1
DA:188,1
DA:189,1
DA:190,1
DA:191,1
DA:192,1
DA:193,1
DA:194,1
DA:195,1
DA:196,1
DA:197,1
DA:198,1
DA:199,1
DA:200,1
DA:201,1
DA:202,1
DA:203,1
DA:204,1
DA:205,1
DA:206,1
DA:207,1
DA:208,1
DA:209,1
DA:210,1
DA:211,1
DA:212,1
DA:213,1
DA:214,1
DA:215,1
DA:216,1
DA:217,1
DA:218,1
DA:219,1
DA:220,1
DA:221,1
DA:222,1
DA:223,1
DA:224,1
DA:225,1
DA:226,1
DA:227,1
DA:228,1
DA:229,1
DA:230,1
DA:231,1
DA:232,1
DA:233,1
DA:234,1
DA:235,1
DA:236,1
DA:237,1
DA:238,1
DA:239,1
DA:240,1
DA:241,1
DA:242,1
DA:243,1
DA:244,1
DA:245,1
DA:246,1
DA:247,1
DA:248,1
DA:249,1
DA:250,1
DA:251,1
DA:252,1
DA:253,1
DA:254,1
DA:255,1
DA:256,1
DA:257,1
DA:258,1
DA:259,1
DA:260,1
DA:261,1
DA:262,1
DA:263,1
DA:264,1
DA:265,1
DA:266,1
DA:267,1
DA:268,1
DA:269,1
DA:270,1
DA:271,1
DA:272,1
DA:273,1
DA:274,1
DA:275,1
DA:276,1
DA:277,1
DA:278,1
DA:279,1
DA:280,1
DA:281,1
DA:282,1
DA:283,1
DA:284,1
DA:285,1
DA:286,1
DA:287,1
DA:288,1
DA:289,1
DA:290,1
DA:291,1
DA:292,1
DA:293,1
DA:294,1
DA:295,1
DA:296,1
DA:297,1
DA:298,1
DA:299,1
DA:300,1
DA:301,1
DA:302,1
LF:302
LH:302
BRF:0
BRH:0
end_of_record
TN:
SF:src/theme.ts
FN:29,buildThemeVariables
FN:43,generateThemeCSS
FN:55,sanitizeColor
FNF:3
FNH:3
FNDA:30,buildThemeVariables
FNDA:39,generateThemeCSS
FNDA:13,sanitizeColor
DA:1,1
DA:2,1
DA:3,1
DA:4,1
DA:5,1
DA:6,1
DA:7,1
DA:8,1
DA:9,1
DA:10,1
DA:11,1
DA:12,1
DA:13,1
DA:14,1
DA:15,1
DA:16,1
DA:17,1
DA:18,1
DA:19,1
DA:20,1
DA:21,1
DA:22,1
DA:23,1
DA:24,1
DA:25,1
DA:26,1
DA:27,1
DA:28,1
DA:29,1
DA:30,30
DA:31,30
DA:32,30
DA:33,30
DA:34,30
DA:35,30
DA:36,30
DA:37,13
DA:38,13
DA:39,30
DA:40,30
DA:41,30
DA:42,1
DA:43,1
DA:44,39
DA:45,39
DA:46,39
DA:47,39
DA:48,39
DA:49,39
DA:50,1
DA:51,1
DA:52,1
DA:53,1
DA:54,1
DA:55,13
DA:56,13
DA:57,13
DA:58,13
DA:59,13
DA:60,0
DA:61,0
DA:62,0
LF:62
LH:59
BRDA:29,0,0,30
BRDA:34,1,0,2
BRDA:34,2,0,28
BRDA:36,3,0,13
BRDA:43,4,0,39
BRDA:45,5,0,351
BRDA:55,6,0,13
BRDA:59,7,0,0
BRF:8
BRH:7
end_of_record
