<?xml version="1.0" encoding="UTF-8"?>
<coverage generated="1773630444646" clover="3.2.0">
  <project timestamp="1773630444646" name="All files">
    <metrics statements="359" coveredstatements="249" conditionals="141" coveredconditionals="71" methods="100" coveredmethods="64" elements="600" coveredelements="384" complexity="0" loc="359" ncloc="359" packages="12" files="26" classes="26"/>
    <package name="mobile">
      <metrics statements="0" coveredstatements="0" conditionals="0" coveredconditionals="0" methods="0" coveredmethods="0"/>
      <file name="index.ts" path="/Users/yemalin.godonou/Documents/works/tiko/medicalnote/mobile/index.ts">
        <metrics statements="0" coveredstatements="0" conditionals="0" coveredconditionals="0" methods="0" coveredmethods="0"/>
      </file>
    </package>
    <package name="mobile.app">
      <metrics statements="27" coveredstatements="0" conditionals="18" coveredconditionals="0" methods="9" coveredmethods="0"/>
      <file name="_layout.tsx" path="/Users/yemalin.godonou/Documents/works/tiko/medicalnote/mobile/app/_layout.tsx">
        <metrics statements="27" coveredstatements="0" conditionals="18" coveredconditionals="0" methods="9" coveredmethods="0"/>
        <line num="8" count="0" type="stmt"/>
        <line num="20" count="0" type="stmt"/>
        <line num="21" count="0" type="stmt"/>
        <line num="22" count="0" type="stmt"/>
        <line num="24" count="0" type="stmt"/>
        <line num="25" count="0" type="cond" truecount="0" falsecount="2"/>
        <line num="27" count="0" type="stmt"/>
        <line num="29" count="0" type="cond" truecount="0" falsecount="4"/>
        <line num="30" count="0" type="stmt"/>
        <line num="31" count="0" type="cond" truecount="0" falsecount="4"/>
        <line num="32" count="0" type="stmt"/>
        <line num="36" count="0" type="stmt"/>
        <line num="37" count="0" type="cond" truecount="0" falsecount="2"/>
        <line num="40" count="0" type="stmt"/>
        <line num="45" count="0" type="stmt"/>
        <line num="46" count="0" type="cond" truecount="0" falsecount="2"/>
        <line num="47" count="0" type="stmt"/>
        <line num="52" count="0" type="stmt"/>
        <line num="53" count="0" type="cond" truecount="0" falsecount="2"/>
        <line num="54" count="0" type="stmt"/>
        <line num="59" count="0" type="stmt"/>
        <line num="61" count="0" type="cond" truecount="0" falsecount="2"/>
        <line num="66" count="0" type="stmt"/>
        <line num="67" count="0" type="stmt"/>
        <line num="68" count="0" type="stmt"/>
        <line num="72" count="0" type="stmt"/>
        <line num="76" count="0" type="stmt"/>
      </file>
    </package>
    <package name="mobile.app.(auth)">
      <metrics statements="61" coveredstatements="45" conditionals="34" coveredconditionals="19" methods="10" coveredmethods="6"/>
      <file name="_layout.tsx" path="/Users/yemalin.godonou/Documents/works/tiko/medicalnote/mobile/app/(auth)/_layout.tsx">
        <metrics statements="1" coveredstatements="0" conditionals="0" coveredconditionals="0" methods="1" coveredmethods="0"/>
        <line num="4" count="0" type="stmt"/>
      </file>
      <file name="login.tsx" path="/Users/yemalin.godonou/Documents/works/tiko/medicalnote/mobile/app/(auth)/login.tsx">
        <metrics statements="45" coveredstatements="30" conditionals="28" coveredconditionals="14" methods="7" coveredmethods="4"/>
        <line num="16" count="16" type="stmt"/>
        <line num="17" count="16" type="stmt"/>
        <line num="19" count="16" type="stmt"/>
        <line num="20" count="16" type="stmt"/>
        <line num="21" count="16" type="stmt"/>
        <line num="22" count="16" type="stmt"/>
        <line num="23" count="16" type="stmt"/>
        <line num="24" count="16" type="stmt"/>
        <line num="26" count="16" type="stmt"/>
        <line num="27" count="3" type="cond" truecount="1" falsecount="1"/>
        <line num="28" count="3" type="stmt"/>
        <line num="29" count="3" type="stmt"/>
        <line num="30" count="3" type="stmt"/>
        <line num="31" count="3" type="stmt"/>
        <line num="32" count="3" type="stmt"/>
        <line num="33" count="3" type="stmt"/>
        <line num="36" count="0" type="cond" truecount="0" falsecount="2"/>
        <line num="38" count="0" type="stmt"/>
        <line num="40" count="3" type="stmt"/>
        <line num="44" count="16" type="stmt"/>
        <line num="45" count="1" type="cond" truecount="3" falsecount="1"/>
        <line num="46" count="1" type="stmt"/>
        <line num="47" count="1" type="stmt"/>
        <line num="48" count="1" type="stmt"/>
        <line num="49" count="1" type="stmt"/>
        <line num="53" count="0" type="cond" truecount="0" falsecount="2"/>
        <line num="55" count="0" type="stmt"/>
        <line num="57" count="1" type="stmt"/>
        <line num="61" count="16" type="stmt"/>
        <line num="62" count="3" type="stmt"/>
        <line num="63" count="3" type="stmt"/>
        <line num="64" count="0" type="stmt"/>
        <line num="65" count="0" type="cond" truecount="0" falsecount="2"/>
        <line num="66" count="0" type="stmt"/>
        <line num="67" count="0" type="stmt"/>
        <line num="69" count="0" type="stmt"/>
        <line num="74" count="16" type="stmt"/>
        <line num="75" count="0" type="stmt"/>
        <line num="76" count="0" type="stmt"/>
        <line num="77" count="0" type="stmt"/>
        <line num="78" count="0" type="stmt"/>
        <line num="81" count="0" type="cond" truecount="0" falsecount="2"/>
        <line num="83" count="0" type="stmt"/>
        <line num="87" count="16" type="stmt"/>
        <line num="167" count="1" type="stmt"/>
      </file>
      <file name="profile-setup.tsx" path="/Users/yemalin.godonou/Documents/works/tiko/medicalnote/mobile/app/(auth)/profile-setup.tsx">
        <metrics statements="15" coveredstatements="15" conditionals="6" coveredconditionals="5" methods="2" coveredmethods="2"/>
        <line num="9" count="6" type="stmt"/>
        <line num="10" count="6" type="stmt"/>
        <line num="12" count="6" type="stmt"/>
        <line num="13" count="6" type="stmt"/>
        <line num="14" count="6" type="cond" truecount="2" falsecount="0"/>
        <line num="15" count="6" type="stmt"/>
        <line num="17" count="6" type="stmt"/>
        <line num="18" count="1" type="stmt"/>
        <line num="19" count="1" type="stmt"/>
        <line num="20" count="1" type="stmt"/>
        <line num="25" count="1" type="stmt"/>
        <line num="26" count="1" type="stmt"/>
        <line num="30" count="1" type="stmt"/>
        <line num="34" count="6" type="stmt"/>
        <line num="91" count="1" type="stmt"/>
      </file>
    </package>
    <package name="mobile.app.(tabs)">
      <metrics statements="20" coveredstatements="14" conditionals="6" coveredconditionals="3" methods="10" coveredmethods="6"/>
      <file name="_layout.tsx" path="/Users/yemalin.godonou/Documents/works/tiko/medicalnote/mobile/app/(tabs)/_layout.tsx">
        <metrics statements="4" coveredstatements="0" conditionals="0" coveredconditionals="0" methods="3" coveredmethods="0"/>
        <line num="6" count="0" type="stmt"/>
        <line num="8" count="0" type="stmt"/>
        <line num="21" count="0" type="stmt"/>
        <line num="30" count="0" type="stmt"/>
      </file>
      <file name="profile.tsx" path="/Users/yemalin.godonou/Documents/works/tiko/medicalnote/mobile/app/(tabs)/profile.tsx">
        <metrics statements="16" coveredstatements="14" conditionals="6" coveredconditionals="3" methods="7" coveredmethods="6"/>
        <line num="16" count="2" type="stmt"/>
        <line num="17" count="2" type="stmt"/>
        <line num="18" count="2" type="stmt"/>
        <line num="19" count="2" type="cond" truecount="1" falsecount="1"/>
        <line num="21" count="2" type="stmt"/>
        <line num="23" count="0" type="stmt"/>
        <line num="24" count="0" type="stmt"/>
        <line num="29" count="2" type="stmt"/>
        <line num="30" count="1" type="stmt"/>
        <line num="44" count="2" type="cond" truecount="1" falsecount="1"/>
        <line num="46" count="2" type="stmt"/>
        <line num="80" count="2" type="stmt"/>
        <line num="95" count="2" type="stmt"/>
        <line num="96" count="2" type="stmt"/>
        <line num="106" count="2" type="stmt"/>
        <line num="122" count="1" type="stmt"/>
      </file>
    </package>
    <package name="mobile.app.(tabs).summaries">
      <metrics statements="63" coveredstatements="55" conditionals="24" coveredconditionals="17" methods="14" coveredmethods="10"/>
      <file name="[id].tsx" path="/Users/yemalin.godonou/Documents/works/tiko/medicalnote/mobile/app/(tabs)/summaries/[id].tsx">
        <metrics statements="28" coveredstatements="25" conditionals="18" coveredconditionals="11" methods="5" coveredmethods="4"/>
        <line num="19" count="147" type="stmt"/>
        <line num="20" count="147" type="stmt"/>
        <line num="21" count="147" type="stmt"/>
        <line num="22" count="147" type="stmt"/>
        <line num="23" count="147" type="stmt"/>
        <line num="24" count="147" type="stmt"/>
        <line num="26" count="147" type="stmt"/>
        <line num="27" count="101" type="stmt"/>
        <line num="28" count="101" type="stmt"/>
        <line num="29" count="101" type="stmt"/>
        <line num="30" count="101" type="stmt"/>
        <line num="31" count="100" type="stmt"/>
        <line num="34" count="100" type="cond" truecount="1" falsecount="1"/>
        <line num="35" count="100" type="stmt"/>
        <line num="36" count="100" type="stmt"/>
        <line num="42" count="0" type="stmt"/>
        <line num="44" count="100" type="stmt"/>
        <line num="47" count="101" type="stmt"/>
        <line num="50" count="147" type="stmt"/>
        <line num="53" count="0" type="stmt"/>
        <line num="56" count="147" type="cond" truecount="2" falsecount="0"/>
        <line num="57" count="99" type="stmt"/>
        <line num="65" count="48" type="cond" truecount="3" falsecount="1"/>
        <line num="66" count="0" type="stmt"/>
        <line num="73" count="48" type="cond" truecount="2" falsecount="2"/>
        <line num="77" count="48" type="stmt"/>
        <line num="121" count="48" type="stmt"/>
        <line num="143" count="1" type="stmt"/>
      </file>
      <file name="_layout.tsx" path="/Users/yemalin.godonou/Documents/works/tiko/medicalnote/mobile/app/(tabs)/summaries/_layout.tsx">
        <metrics statements="1" coveredstatements="0" conditionals="0" coveredconditionals="0" methods="1" coveredmethods="0"/>
        <line num="4" count="0" type="stmt"/>
      </file>
      <file name="index.tsx" path="/Users/yemalin.godonou/Documents/works/tiko/medicalnote/mobile/app/(tabs)/summaries/index.tsx">
        <metrics statements="34" coveredstatements="30" conditionals="6" coveredconditionals="6" methods="8" coveredmethods="6"/>
        <line num="11" count="276" type="stmt"/>
        <line num="12" count="276" type="stmt"/>
        <line num="13" count="276" type="stmt"/>
        <line num="14" count="276" type="stmt"/>
        <line num="15" count="276" type="stmt"/>
        <line num="16" count="276" type="stmt"/>
        <line num="18" count="276" type="stmt"/>
        <line num="19" count="186" type="stmt"/>
        <line num="20" count="186" type="stmt"/>
        <line num="21" count="186" type="stmt"/>
        <line num="22" count="154" type="stmt"/>
        <line num="24" count="31" type="stmt"/>
        <line num="28" count="276" type="stmt"/>
        <line num="29" count="186" type="stmt"/>
        <line num="30" count="186" type="stmt"/>
        <line num="31" count="186" type="stmt"/>
        <line num="32" count="185" type="stmt"/>
        <line num="34" count="186" type="stmt"/>
        <line num="37" count="276" type="stmt"/>
        <line num="38" count="0" type="stmt"/>
        <line num="39" count="0" type="stmt"/>
        <line num="40" count="0" type="stmt"/>
        <line num="43" count="276" type="stmt"/>
        <line num="45" count="0" type="stmt"/>
        <line num="50" count="276" type="cond" truecount="2" falsecount="0"/>
        <line num="51" count="185" type="stmt"/>
        <line num="59" count="91" type="cond" truecount="2" falsecount="0"/>
        <line num="60" count="15" type="stmt"/>
        <line num="70" count="76" type="cond" truecount="2" falsecount="0"/>
        <line num="71" count="75" type="stmt"/>
        <line num="80" count="1" type="stmt"/>
        <line num="83" count="2" type="stmt"/>
        <line num="85" count="1" type="stmt"/>
        <line num="95" count="1" type="stmt"/>
      </file>
    </package>
    <package name="mobile.components">
      <metrics statements="14" coveredstatements="14" conditionals="10" coveredconditionals="9" methods="6" coveredmethods="6"/>
      <file name="language-toggle.tsx" path="/Users/yemalin.godonou/Documents/works/tiko/medicalnote/mobile/components/language-toggle.tsx">
        <metrics statements="4" coveredstatements="4" conditionals="0" coveredconditionals="0" methods="2" coveredmethods="2"/>
        <line num="12" count="51" type="stmt"/>
        <line num="14" count="51" type="stmt"/>
        <line num="18" count="2" type="stmt"/>
        <line num="29" count="2" type="stmt"/>
      </file>
      <file name="medical-term-tooltip.tsx" path="/Users/yemalin.godonou/Documents/works/tiko/medicalnote/mobile/components/medical-term-tooltip.tsx">
        <metrics statements="4" coveredstatements="4" conditionals="2" coveredconditionals="2" methods="2" coveredmethods="2"/>
        <line num="11" count="54" type="stmt"/>
        <line num="13" count="54" type="stmt"/>
        <line num="15" count="3" type="stmt"/>
        <line num="29" count="2" type="stmt"/>
      </file>
      <file name="summary-card.tsx" path="/Users/yemalin.godonou/Documents/works/tiko/medicalnote/mobile/components/summary-card.tsx">
        <metrics statements="6" coveredstatements="6" conditionals="8" coveredconditionals="7" methods="2" coveredmethods="2"/>
        <line num="13" count="6" type="stmt"/>
        <line num="14" count="6" type="cond" truecount="2" falsecount="0"/>
        <line num="15" count="6" type="cond" truecount="1" falsecount="1"/>
        <line num="17" count="6" type="stmt"/>
        <line num="20" count="1" type="stmt"/>
        <line num="43" count="2" type="stmt"/>
      </file>
    </package>
    <package name="mobile.config">
      <metrics statements="1" coveredstatements="1" conditionals="4" coveredconditionals="4" methods="0" coveredmethods="0"/>
      <file name="env.ts" path="/Users/yemalin.godonou/Documents/works/tiko/medicalnote/mobile/config/env.ts">
        <metrics statements="1" coveredstatements="1" conditionals="4" coveredconditionals="4" methods="0" coveredmethods="0"/>
        <line num="1" count="11" type="stmt"/>
      </file>
    </package>
    <package name="mobile.contexts">
      <metrics statements="30" coveredstatements="27" conditionals="4" coveredconditionals="3" methods="7" coveredmethods="6"/>
      <file name="auth-context.tsx" path="/Users/yemalin.godonou/Documents/works/tiko/medicalnote/mobile/contexts/auth-context.tsx">
        <metrics statements="30" coveredstatements="27" conditionals="4" coveredconditionals="3" methods="7" coveredmethods="6"/>
        <line num="14" count="4" type="stmt"/>
        <line num="17" count="8" type="stmt"/>
        <line num="18" count="8" type="stmt"/>
        <line num="19" count="8" type="stmt"/>
        <line num="21" count="8" type="stmt"/>
        <line num="22" count="3" type="stmt"/>
        <line num="23" count="3" type="stmt"/>
        <line num="24" count="3" type="stmt"/>
        <line num="25" count="3" type="cond" truecount="2" falsecount="0"/>
        <line num="26" count="1" type="stmt"/>
        <line num="27" count="1" type="stmt"/>
        <line num="28" count="1" type="stmt"/>
        <line num="31" count="0" type="stmt"/>
        <line num="33" count="3" type="stmt"/>
        <line num="36" count="3" type="stmt"/>
        <line num="39" count="8" type="stmt"/>
        <line num="40" count="0" type="stmt"/>
        <line num="43" count="8" type="stmt"/>
        <line num="44" count="1" type="stmt"/>
        <line num="45" count="1" type="stmt"/>
        <line num="46" count="1" type="stmt"/>
        <line num="49" count="8" type="stmt"/>
        <line num="50" count="1" type="stmt"/>
        <line num="51" count="1" type="stmt"/>
        <line num="52" count="1" type="stmt"/>
        <line num="55" count="8" type="stmt"/>
        <line num="65" count="8" type="stmt"/>
        <line num="66" count="8" type="cond" truecount="1" falsecount="1"/>
        <line num="67" count="0" type="stmt"/>
        <line num="69" count="8" type="stmt"/>
      </file>
    </package>
    <package name="mobile.hooks">
      <metrics statements="8" coveredstatements="7" conditionals="4" coveredconditionals="1" methods="5" coveredmethods="4"/>
      <file name="use-network-status.ts" path="/Users/yemalin.godonou/Documents/works/tiko/medicalnote/mobile/hooks/use-network-status.ts">
        <metrics statements="8" coveredstatements="7" conditionals="4" coveredconditionals="1" methods="5" coveredmethods="4"/>
        <line num="10" count="4" type="stmt"/>
        <line num="15" count="4" type="stmt"/>
        <line num="17" count="2" type="stmt"/>
        <line num="18" count="2" type="stmt"/>
        <line num="25" count="2" type="stmt"/>
        <line num="26" count="0" type="stmt"/>
        <line num="32" count="2" type="stmt"/>
        <line num="35" count="4" type="stmt"/>
      </file>
    </package>
    <package name="mobile.i18n">
      <metrics statements="4" coveredstatements="4" conditionals="4" coveredconditionals="2" methods="0" coveredmethods="0"/>
      <file name="index.ts" path="/Users/yemalin.godonou/Documents/works/tiko/medicalnote/mobile/i18n/index.ts">
        <metrics statements="4" coveredstatements="4" conditionals="4" coveredconditionals="2" methods="0" coveredmethods="0"/>
        <line num="8" count="1" type="stmt"/>
        <line num="13" count="1" type="cond" truecount="1" falsecount="1"/>
        <line num="14" count="1" type="cond" truecount="1" falsecount="1"/>
        <line num="16" count="1" type="stmt"/>
      </file>
    </package>
    <package name="mobile.services">
      <metrics statements="131" coveredstatements="82" conditionals="33" coveredconditionals="13" methods="39" coveredmethods="26"/>
      <file name="api-client.ts" path="/Users/yemalin.godonou/Documents/works/tiko/medicalnote/mobile/services/api-client.ts">
        <metrics statements="41" coveredstatements="6" conditionals="13" coveredconditionals="0" methods="8" coveredmethods="0"/>
        <line num="5" count="10" type="stmt"/>
        <line num="9" count="10" type="stmt"/>
        <line num="11" count="10" type="cond" truecount="0" falsecount="1"/>
        <line num="12" count="0" type="stmt"/>
        <line num="13" count="0" type="cond" truecount="0" falsecount="2"/>
        <line num="14" count="0" type="stmt"/>
        <line num="16" count="0" type="stmt"/>
        <line num="19" count="0" type="stmt"/>
        <line num="22" count="10" type="stmt"/>
        <line num="31" count="10" type="stmt"/>
        <line num="33" count="0" type="stmt"/>
        <line num="34" count="0" type="cond" truecount="0" falsecount="2"/>
        <line num="35" count="0" type="stmt"/>
        <line num="37" count="0" type="stmt"/>
        <line num="39" count="0" type="stmt"/>
        <line num="43" count="10" type="stmt"/>
        <line num="44" count="0" type="stmt"/>
        <line num="46" count="0" type="stmt"/>
        <line num="48" count="0" type="cond" truecount="0" falsecount="4"/>
        <line num="49" count="0" type="stmt"/>
        <line num="52" count="0" type="cond" truecount="0" falsecount="2"/>
        <line num="53" count="0" type="stmt"/>
        <line num="54" count="0" type="stmt"/>
        <line num="56" count="0" type="stmt"/>
        <line num="57" count="0" type="stmt"/>
        <line num="61" count="0" type="stmt"/>
        <line num="62" count="0" type="stmt"/>
        <line num="64" count="0" type="stmt"/>
        <line num="65" count="0" type="stmt"/>
        <line num="66" count="0" type="cond" truecount="0" falsecount="2"/>
        <line num="67" count="0" type="stmt"/>
        <line num="70" count="0" type="stmt"/>
        <line num="75" count="0" type="stmt"/>
        <line num="76" count="0" type="stmt"/>
        <line num="78" count="0" type="stmt"/>
        <line num="79" count="0" type="stmt"/>
        <line num="80" count="0" type="stmt"/>
        <line num="82" count="0" type="stmt"/>
        <line num="83" count="0" type="stmt"/>
        <line num="84" count="0" type="stmt"/>
        <line num="86" count="0" type="stmt"/>
      </file>
      <file name="auth-service.ts" path="/Users/yemalin.godonou/Documents/works/tiko/medicalnote/mobile/services/auth-service.ts">
        <metrics statements="12" coveredstatements="12" conditionals="0" coveredconditionals="0" methods="4" coveredmethods="4"/>
        <line num="11" count="5" type="stmt"/>
        <line num="13" count="1" type="stmt"/>
        <line num="17" count="1" type="stmt"/>
        <line num="21" count="2" type="stmt"/>
        <line num="25" count="1" type="stmt"/>
        <line num="26" count="1" type="stmt"/>
        <line num="27" count="1" type="stmt"/>
        <line num="28" count="1" type="stmt"/>
        <line num="32" count="1" type="stmt"/>
        <line num="33" count="1" type="stmt"/>
        <line num="37" count="2" type="stmt"/>
        <line num="38" count="2" type="stmt"/>
      </file>
      <file name="background-messaging.ts" path="/Users/yemalin.godonou/Documents/works/tiko/medicalnote/mobile/services/background-messaging.ts">
        <metrics statements="2" coveredstatements="0" conditionals="0" coveredconditionals="0" methods="1" coveredmethods="0"/>
        <line num="4" count="0" type="stmt"/>
        <line num="8" count="0" type="stmt"/>
      </file>
      <file name="offline-cache.ts" path="/Users/yemalin.godonou/Documents/works/tiko/medicalnote/mobile/services/offline-cache.ts">
        <metrics statements="20" coveredstatements="18" conditionals="6" coveredconditionals="5" methods="7" coveredmethods="7"/>
        <line num="4" count="10" type="stmt"/>
        <line num="11" count="10" type="stmt"/>
        <line num="16" count="10" type="stmt"/>
        <line num="18" count="2" type="stmt"/>
        <line num="22" count="2" type="stmt"/>
        <line num="23" count="2" type="cond" truecount="2" falsecount="0"/>
        <line num="24" count="1" type="stmt"/>
        <line num="25" count="1" type="stmt"/>
        <line num="27" count="0" type="stmt"/>
        <line num="32" count="1" type="stmt"/>
        <line num="36" count="2" type="stmt"/>
        <line num="37" count="2" type="cond" truecount="2" falsecount="0"/>
        <line num="38" count="1" type="stmt"/>
        <line num="39" count="1" type="stmt"/>
        <line num="41" count="0" type="stmt"/>
        <line num="46" count="1" type="stmt"/>
        <line num="50" count="1" type="stmt"/>
        <line num="51" count="1" type="cond" truecount="1" falsecount="1"/>
        <line num="52" count="1" type="stmt"/>
        <line num="56" count="7" type="stmt"/>
      </file>
      <file name="push-notification-service.ts" path="/Users/yemalin.godonou/Documents/works/tiko/medicalnote/mobile/services/push-notification-service.ts">
        <metrics statements="17" coveredstatements="8" conditionals="6" coveredconditionals="1" methods="9" coveredmethods="5"/>
        <line num="11" count="1" type="stmt"/>
        <line num="13" count="1" type="stmt"/>
        <line num="15" count="1" type="cond" truecount="1" falsecount="1"/>
        <line num="17" count="1" type="stmt"/>
        <line num="21" count="1" type="stmt"/>
        <line num="25" count="1" type="stmt"/>
        <line num="32" count="0" type="stmt"/>
        <line num="33" count="0" type="cond" truecount="0" falsecount="2"/>
        <line num="35" count="0" type="stmt"/>
        <line num="36" count="0" type="stmt"/>
        <line num="42" count="1" type="stmt"/>
        <line num="44" count="0" type="stmt"/>
        <line num="56" count="1" type="stmt"/>
        <line num="58" count="0" type="stmt"/>
        <line num="68" count="0" type="stmt"/>
        <line num="69" count="0" type="cond" truecount="0" falsecount="2"/>
        <line num="70" count="0" type="stmt"/>
      </file>
      <file name="summary-service.ts" path="/Users/yemalin.godonou/Documents/works/tiko/medicalnote/mobile/services/summary-service.ts">
        <metrics statements="21" coveredstatements="20" conditionals="4" coveredconditionals="3" methods="3" coveredmethods="3"/>
        <line num="5" count="4" type="stmt"/>
        <line num="7" count="3" type="stmt"/>
        <line num="8" count="3" type="stmt"/>
        <line num="11" count="1" type="stmt"/>
        <line num="12" count="1" type="stmt"/>
        <line num="13" count="1" type="stmt"/>
        <line num="14" count="1" type="stmt"/>
        <line num="16" count="2" type="stmt"/>
        <line num="17" count="2" type="cond" truecount="2" falsecount="0"/>
        <line num="18" count="1" type="stmt"/>
        <line num="20" count="1" type="stmt"/>
        <line num="25" count="2" type="stmt"/>
        <line num="26" count="2" type="stmt"/>
        <line num="29" count="1" type="stmt"/>
        <line num="30" count="1" type="stmt"/>
        <line num="31" count="1" type="stmt"/>
        <line num="33" count="1" type="stmt"/>
        <line num="34" count="1" type="cond" truecount="1" falsecount="1"/>
        <line num="35" count="1" type="stmt"/>
        <line num="37" count="0" type="stmt"/>
        <line num="42" count="1" type="stmt"/>
      </file>
      <file name="sync-manager.ts" path="/Users/yemalin.godonou/Documents/works/tiko/medicalnote/mobile/services/sync-manager.ts">
        <metrics statements="7" coveredstatements="7" conditionals="4" coveredconditionals="4" methods="1" coveredmethods="1"/>
        <line num="4" count="1" type="stmt"/>
        <line num="6" count="1" type="stmt"/>
        <line num="8" count="3" type="stmt"/>
        <line num="9" count="3" type="cond" truecount="4" falsecount="0"/>
        <line num="10" count="1" type="stmt"/>
        <line num="12" count="2" type="stmt"/>
        <line num="13" count="2" type="stmt"/>
      </file>
      <file name="token-storage.ts" path="/Users/yemalin.godonou/Documents/works/tiko/medicalnote/mobile/services/token-storage.ts">
        <metrics statements="11" coveredstatements="11" conditionals="0" coveredconditionals="0" methods="6" coveredmethods="6"/>
        <line num="3" count="12" type="stmt"/>
        <line num="14" count="12" type="stmt"/>
        <line num="16" count="1" type="stmt"/>
        <line num="17" count="1" type="stmt"/>
        <line num="21" count="1" type="stmt"/>
        <line num="25" count="1" type="stmt"/>
        <line num="29" count="1" type="stmt"/>
        <line num="33" count="2" type="stmt"/>
        <line num="37" count="1" type="stmt"/>
        <line num="38" count="1" type="stmt"/>
        <line num="39" count="1" type="stmt"/>
      </file>
    </package>
    <package name="mobile.types">
      <metrics statements="0" coveredstatements="0" conditionals="0" coveredconditionals="0" methods="0" coveredmethods="0"/>
      <file name="api.ts" path="/Users/yemalin.godonou/Documents/works/tiko/medicalnote/mobile/types/api.ts">
        <metrics statements="0" coveredstatements="0" conditionals="0" coveredconditionals="0" methods="0" coveredmethods="0"/>
      </file>
    </package>
  </project>
</coverage>
