{"/Users/yemalin.godonou/Documents/works/tiko/medicalnote/mobile/index.ts": {"path":"/Users/yemalin.godonou/Documents/works/tiko/medicalnote/mobile/index.ts","statementMap":{},"fnMap":{},"branchMap":{},"s":{},"f":{},"b":{}}
,"/Users/yemalin.godonou/Documents/works/tiko/medicalnote/mobile/app/_layout.tsx": {"path":"/Users/yemalin.godonou/Documents/works/tiko/medicalnote/mobile/app/_layout.tsx","statementMap":{"0":{"start":{"line":8,"column":14},"end":{"line":17,"column":1}},"1":{"start":{"line":20,"column":41},"end":{"line":20,"column":50}},"2":{"start":{"line":21,"column":19},"end":{"line":21,"column":32}},"3":{"start":{"line":22,"column":17},"end":{"line":22,"column":28}},"4":{"start":{"line":24,"column":2},"end":{"line":34,"column":53}},"5":{"start":{"line":25,"column":4},"end":{"line":25,"column":26}},"6":{"start":{"line":25,"column":19},"end":{"line":25,"column":26}},"7":{"start":{"line":27,"column":24},"end":{"line":27,"column":48}},"8":{"start":{"line":29,"column":4},"end":{"line":33,"column":5}},"9":{"start":{"line":30,"column":6},"end":{"line":30,"column":38}},"10":{"start":{"line":31,"column":11},"end":{"line":33,"column":5}},"11":{"start":{"line":32,"column":6},"end":{"line":32,"column":42}},"12":{"start":{"line":36,"column":2},"end":{"line":70,"column":32}},"13":{"start":{"line":37,"column":4},"end":{"line":37,"column":33}},"14":{"start":{"line":37,"column":26},"end":{"line":37,"column":33}},"15":{"start":{"line":40,"column":4},"end":{"line":42,"column":7}},"16":{"start":{"line":45,"column":4},"end":{"line":49,"column":7}},"17":{"start":{"line":46,"column":6},"end":{"line":48,"column":7}},"18":{"start":{"line":47,"column":8},"end":{"line":47,"column":62}},"19":{"start":{"line":52,"column":30},"end":{"line":56,"column":6}},"20":{"start":{"line":53,"column":6},"end":{"line":55,"column":7}},"21":{"start":{"line":54,"column":8},"end":{"line":54,"column":62}},"22":{"start":{"line":59,"column":34},"end":{"line":64,"column":6}},"23":{"start":{"line":61,"column":6},"end":{"line":63,"column":7}},"24":{"start":{"line":66,"column":4},"end":{"line":69,"column":6}},"25":{"start":{"line":67,"column":6},"end":{"line":67,"column":26}},"26":{"start":{"line":68,"column":6},"end":{"line":68,"column":30}},"27":{"start":{"line":72,"column":2},"end":{"line":72,"column":18}},"28":{"start":{"line":76,"column":2},"end":{"line":82,"column":4}}},"fnMap":{"0":{"name":"RootLayoutNav","decl":{"start":{"line":19,"column":9},"end":{"line":19,"column":22}},"loc":{"start":{"line":19,"column":25},"end":{"line":73,"column":1}},"line":19},"1":{"name":"(anonymous_1)","decl":{"start":{"line":24,"column":12},"end":{"line":24,"column":13}},"loc":{"start":{"line":24,"column":18},"end":{"line":34,"column":3}},"line":24},"2":{"name":"(anonymous_2)","decl":{"start":{"line":36,"column":12},"end":{"line":36,"column":13}},"loc":{"start":{"line":36,"column":18},"end":{"line":70,"column":3}},"line":36},"3":{"name":"(anonymous_3)","decl":{"start":{"line":40,"column":58},"end":{"line":40,"column":59}},"loc":{"start":{"line":40,"column":64},"end":{"line":42,"column":5}},"line":40},"4":{"name":"(anonymous_4)","decl":{"start":{"line":45,"column":58},"end":{"line":45,"column":59}},"loc":{"start":{"line":45,"column":71},"end":{"line":49,"column":5}},"line":45},"5":{"name":"(anonymous_5)","decl":{"start":{"line":52,"column":75},"end":{"line":52,"column":76}},"loc":{"start":{"line":52,"column":88},"end":{"line":56,"column":5}},"line":52},"6":{"name":"(anonymous_6)","decl":{"start":{"line":59,"column":78},"end":{"line":59,"column":79}},"loc":{"start":{"line":59,"column":91},"end":{"line":64,"column":5}},"line":59},"7":{"name":"(anonymous_7)","decl":{"start":{"line":66,"column":11},"end":{"line":66,"column":12}},"loc":{"start":{"line":66,"column":17},"end":{"line":69,"column":5}},"line":66},"8":{"name":"RootLayout","decl":{"start":{"line":75,"column":24},"end":{"line":75,"column":34}},"loc":{"start":{"line":75,"column":37},"end":{"line":83,"column":1}},"line":75}},"branchMap":{"0":{"loc":{"start":{"line":25,"column":4},"end":{"line":25,"column":26}},"type":"if","locations":[{"start":{"line":25,"column":4},"end":{"line":25,"column":26}},{"start":{},"end":{}}],"line":25},"1":{"loc":{"start":{"line":29,"column":4},"end":{"line":33,"column":5}},"type":"if","locations":[{"start":{"line":29,"column":4},"end":{"line":33,"column":5}},{"start":{"line":31,"column":11},"end":{"line":33,"column":5}}],"line":29},"2":{"loc":{"start":{"line":29,"column":8},"end":{"line":29,"column":40}},"type":"binary-expr","locations":[{"start":{"line":29,"column":8},"end":{"line":29,"column":24}},{"start":{"line":29,"column":28},"end":{"line":29,"column":40}}],"line":29},"3":{"loc":{"start":{"line":31,"column":11},"end":{"line":33,"column":5}},"type":"if","locations":[{"start":{"line":31,"column":11},"end":{"line":33,"column":5}},{"start":{},"end":{}}],"line":31},"4":{"loc":{"start":{"line":31,"column":15},"end":{"line":31,"column":45}},"type":"binary-expr","locations":[{"start":{"line":31,"column":15},"end":{"line":31,"column":30}},{"start":{"line":31,"column":34},"end":{"line":31,"column":45}}],"line":31},"5":{"loc":{"start":{"line":37,"column":4},"end":{"line":37,"column":33}},"type":"if","locations":[{"start":{"line":37,"column":4},"end":{"line":37,"column":33}},{"start":{},"end":{}}],"line":37},"6":{"loc":{"start":{"line":46,"column":6},"end":{"line":48,"column":7}},"type":"if","locations":[{"start":{"line":46,"column":6},"end":{"line":48,"column":7}},{"start":{},"end":{}}],"line":46},"7":{"loc":{"start":{"line":53,"column":6},"end":{"line":55,"column":7}},"type":"if","locations":[{"start":{"line":53,"column":6},"end":{"line":55,"column":7}},{"start":{},"end":{}}],"line":53},"8":{"loc":{"start":{"line":61,"column":6},"end":{"line":63,"column":7}},"type":"if","locations":[{"start":{"line":61,"column":6},"end":{"line":63,"column":7}},{"start":{},"end":{}}],"line":61}},"s":{"0":0,"1":0,"2":0,"3":0,"4":0,"5":0,"6":0,"7":0,"8":0,"9":0,"10":0,"11":0,"12":0,"13":0,"14":0,"15":0,"16":0,"17":0,"18":0,"19":0,"20":0,"21":0,"22":0,"23":0,"24":0,"25":0,"26":0,"27":0,"28":0},"f":{"0":0,"1":0,"2":0,"3":0,"4":0,"5":0,"6":0,"7":0,"8":0},"b":{"0":[0,0],"1":[0,0],"2":[0,0],"3":[0,0],"4":[0,0],"5":[0,0],"6":[0,0],"7":[0,0],"8":[0,0]}}
,"/Users/yemalin.godonou/Documents/works/tiko/medicalnote/mobile/app/(auth)/_layout.tsx": {"path":"/Users/yemalin.godonou/Documents/works/tiko/medicalnote/mobile/app/(auth)/_layout.tsx","statementMap":{"0":{"start":{"line":4,"column":2},"end":{"line":9,"column":4}}},"fnMap":{"0":{"name":"AuthLayout","decl":{"start":{"line":3,"column":24},"end":{"line":3,"column":34}},"loc":{"start":{"line":3,"column":37},"end":{"line":10,"column":1}},"line":3}},"branchMap":{},"s":{"0":0},"f":{"0":0},"b":{}}
,"/Users/yemalin.godonou/Documents/works/tiko/medicalnote/mobile/app/(auth)/login.tsx": {"path":"/Users/yemalin.godonou/Documents/works/tiko/medicalnote/mobile/app/(auth)/login.tsx","statementMap":{"0":{"start":{"line":16,"column":16},"end":{"line":16,"column":32}},"1":{"start":{"line":17,"column":29},"end":{"line":17,"column":38}},"2":{"start":{"line":19,"column":26},"end":{"line":19,"column":49}},"3":{"start":{"line":20,"column":28},"end":{"line":20,"column":40}},"4":{"start":{"line":21,"column":26},"end":{"line":21,"column":38}},"5":{"start":{"line":22,"column":42},"end":{"line":22,"column":57}},"6":{"start":{"line":23,"column":28},"end":{"line":23,"column":57}},"7":{"start":{"line":24,"column":48},"end":{"line":24,"column":59}},"8":{"start":{"line":26,"column":24},"end":{"line":42,"column":25}},"9":{"start":{"line":27,"column":4},"end":{"line":27,"column":30}},"10":{"start":{"line":27,"column":23},"end":{"line":27,"column":30}},"11":{"start":{"line":28,"column":4},"end":{"line":28,"column":19}},"12":{"start":{"line":29,"column":4},"end":{"line":29,"column":26}},"13":{"start":{"line":30,"column":4},"end":{"line":41,"column":5}},"14":{"start":{"line":31,"column":6},"end":{"line":31,"column":34}},"15":{"start":{"line":32,"column":6},"end":{"line":32,"column":21}},"16":{"start":{"line":33,"column":6},"end":{"line":33,"column":29}},"17":{"start":{"line":36,"column":8},"end":{"line":37,"column":25}},"18":{"start":{"line":38,"column":6},"end":{"line":38,"column":24}},"19":{"start":{"line":40,"column":6},"end":{"line":40,"column":29}},"20":{"start":{"line":44,"column":26},"end":{"line":59,"column":29}},"21":{"start":{"line":45,"column":4},"end":{"line":45,"column":50}},"22":{"start":{"line":45,"column":43},"end":{"line":45,"column":50}},"23":{"start":{"line":46,"column":4},"end":{"line":46,"column":19}},"24":{"start":{"line":47,"column":4},"end":{"line":47,"column":26}},"25":{"start":{"line":48,"column":4},"end":{"line":58,"column":5}},"26":{"start":{"line":49,"column":6},"end":{"line":49,"column":45}},"27":{"start":{"line":53,"column":8},"end":{"line":54,"column":29}},"28":{"start":{"line":55,"column":6},"end":{"line":55,"column":24}},"29":{"start":{"line":57,"column":6},"end":{"line":57,"column":29}},"30":{"start":{"line":61,"column":31},"end":{"line":72,"column":8}},"31":{"start":{"line":62,"column":4},"end":{"line":62,"column":27}},"32":{"start":{"line":63,"column":21},"end":{"line":71,"column":12}},"33":{"start":{"line":64,"column":6},"end":{"line":70,"column":9}},"34":{"start":{"line":65,"column":8},"end":{"line":68,"column":9}},"35":{"start":{"line":66,"column":10},"end":{"line":66,"column":34}},"36":{"start":{"line":67,"column":10},"end":{"line":67,"column":19}},"37":{"start":{"line":69,"column":8},"end":{"line":69,"column":24}},"38":{"start":{"line":74,"column":23},"end":{"line":85,"column":47}},"39":{"start":{"line":75,"column":4},"end":{"line":75,"column":19}},"40":{"start":{"line":76,"column":4},"end":{"line":84,"column":5}},"41":{"start":{"line":77,"column":6},"end":{"line":77,"column":34}},"42":{"start":{"line":78,"column":6},"end":{"line":78,"column":29}},"43":{"start":{"line":81,"column":8},"end":{"line":82,"column":33}},"44":{"start":{"line":83,"column":6},"end":{"line":83,"column":24}},"45":{"start":{"line":87,"column":2},"end":{"line":164,"column":4}},"46":{"start":{"line":167,"column":15},"end":{"line":196,"column":2}}},"fnMap":{"0":{"name":"LoginScreen","decl":{"start":{"line":15,"column":24},"end":{"line":15,"column":35}},"loc":{"start":{"line":15,"column":38},"end":{"line":165,"column":1}},"line":15},"1":{"name":"(anonymous_1)","decl":{"start":{"line":26,"column":36},"end":{"line":26,"column":37}},"loc":{"start":{"line":26,"column":48},"end":{"line":42,"column":3}},"line":26},"2":{"name":"(anonymous_2)","decl":{"start":{"line":44,"column":38},"end":{"line":44,"column":39}},"loc":{"start":{"line":44,"column":50},"end":{"line":59,"column":3}},"line":44},"3":{"name":"(anonymous_3)","decl":{"start":{"line":61,"column":43},"end":{"line":61,"column":44}},"loc":{"start":{"line":61,"column":49},"end":{"line":72,"column":3}},"line":61},"4":{"name":"(anonymous_4)","decl":{"start":{"line":63,"column":33},"end":{"line":63,"column":34}},"loc":{"start":{"line":63,"column":39},"end":{"line":71,"column":5}},"line":63},"5":{"name":"(anonymous_5)","decl":{"start":{"line":64,"column":25},"end":{"line":64,"column":26}},"loc":{"start":{"line":64,"column":35},"end":{"line":70,"column":7}},"line":64},"6":{"name":"(anonymous_6)","decl":{"start":{"line":74,"column":35},"end":{"line":74,"column":36}},"loc":{"start":{"line":74,"column":47},"end":{"line":85,"column":3}},"line":74}},"branchMap":{"0":{"loc":{"start":{"line":27,"column":4},"end":{"line":27,"column":30}},"type":"if","locations":[{"start":{"line":27,"column":4},"end":{"line":27,"column":30}},{"start":{},"end":{}}],"line":27},"1":{"loc":{"start":{"line":36,"column":8},"end":{"line":37,"column":25}},"type":"binary-expr","locations":[{"start":{"line":36,"column":8},"end":{"line":36,"column":84}},{"start":{"line":37,"column":8},"end":{"line":37,"column":25}}],"line":36},"2":{"loc":{"start":{"line":45,"column":4},"end":{"line":45,"column":50}},"type":"if","locations":[{"start":{"line":45,"column":4},"end":{"line":45,"column":50}},{"start":{},"end":{}}],"line":45},"3":{"loc":{"start":{"line":45,"column":8},"end":{"line":45,"column":41}},"type":"binary-expr","locations":[{"start":{"line":45,"column":8},"end":{"line":45,"column":20}},{"start":{"line":45,"column":24},"end":{"line":45,"column":41}}],"line":45},"4":{"loc":{"start":{"line":53,"column":8},"end":{"line":54,"column":29}},"type":"binary-expr","locations":[{"start":{"line":53,"column":8},"end":{"line":53,"column":84}},{"start":{"line":54,"column":8},"end":{"line":54,"column":29}}],"line":53},"5":{"loc":{"start":{"line":65,"column":8},"end":{"line":68,"column":9}},"type":"if","locations":[{"start":{"line":65,"column":8},"end":{"line":68,"column":9}},{"start":{},"end":{}}],"line":65},"6":{"loc":{"start":{"line":81,"column":8},"end":{"line":82,"column":33}},"type":"binary-expr","locations":[{"start":{"line":81,"column":8},"end":{"line":81,"column":84}},{"start":{"line":82,"column":8},"end":{"line":82,"column":33}}],"line":81},"7":{"loc":{"start":{"line":90,"column":16},"end":{"line":90,"column":60}},"type":"cond-expr","locations":[{"start":{"line":90,"column":40},"end":{"line":90,"column":49}},{"start":{"line":90,"column":52},"end":{"line":90,"column":60}}],"line":90},"8":{"loc":{"start":{"line":97,"column":9},"end":{"line":161,"column":9}},"type":"cond-expr","locations":[{"start":{"line":98,"column":10},"end":{"line":123,"column":13}},{"start":{"line":125,"column":10},"end":{"line":160,"column":13}}],"line":97},"9":{"loc":{"start":{"line":113,"column":13},"end":{"line":113,"column":67}},"type":"binary-expr","locations":[{"start":{"line":113,"column":13},"end":{"line":113,"column":18}},{"start":{"line":113,"column":22},"end":{"line":113,"column":67}}],"line":113},"10":{"loc":{"start":{"line":118,"column":24},"end":{"line":118,"column":53}},"type":"binary-expr","locations":[{"start":{"line":118,"column":24},"end":{"line":118,"column":36}},{"start":{"line":118,"column":40},"end":{"line":118,"column":53}}],"line":118},"11":{"loc":{"start":{"line":140,"column":13},"end":{"line":140,"column":67}},"type":"binary-expr","locations":[{"start":{"line":140,"column":13},"end":{"line":140,"column":18}},{"start":{"line":140,"column":22},"end":{"line":140,"column":67}}],"line":140},"12":{"loc":{"start":{"line":145,"column":24},"end":{"line":145,"column":57}},"type":"binary-expr","locations":[{"start":{"line":145,"column":24},"end":{"line":145,"column":36}},{"start":{"line":145,"column":40},"end":{"line":145,"column":57}}],"line":145},"13":{"loc":{"start":{"line":156,"column":15},"end":{"line":158,"column":38}},"type":"cond-expr","locations":[{"start":{"line":157,"column":18},"end":{"line":157,"column":77}},{"start":{"line":158,"column":18},"end":{"line":158,"column":38}}],"line":156}},"s":{"0":16,"1":16,"2":16,"3":16,"4":16,"5":16,"6":16,"7":16,"8":16,"9":3,"10":0,"11":3,"12":3,"13":3,"14":3,"15":3,"16":3,"17":0,"18":0,"19":3,"20":16,"21":1,"22":0,"23":1,"24":1,"25":1,"26":1,"27":0,"28":0,"29":1,"30":16,"31":3,"32":3,"33":0,"34":0,"35":0,"36":0,"37":0,"38":16,"39":0,"40":0,"41":0,"42":0,"43":0,"44":0,"45":16,"46":1},"f":{"0":16,"1":3,"2":1,"3":3,"4":0,"5":0,"6":0},"b":{"0":[0,3],"1":[0,0],"2":[0,1],"3":[1,1],"4":[0,0],"5":[0,0],"6":[0,0],"7":[16,0],"8":[10,6],"9":[10,0],"10":[10,7],"11":[6,0],"12":[6,5],"13":[6,0]},"_coverageSchema":"1a1c01bbd47fc00a2c39e90264f33305004495a9","hash":"abd09545177fb505951b560950f17520578e2758"}
,"/Users/yemalin.godonou/Documents/works/tiko/medicalnote/mobile/app/(auth)/profile-setup.tsx": {"path":"/Users/yemalin.godonou/Documents/works/tiko/medicalnote/mobile/app/(auth)/profile-setup.tsx","statementMap":{"0":{"start":{"line":9,"column":22},"end":{"line":9,"column":38}},"1":{"start":{"line":10,"column":17},"end":{"line":10,"column":28}},"2":{"start":{"line":12,"column":36},"end":{"line":12,"column":48}},"3":{"start":{"line":13,"column":34},"end":{"line":13,"column":46}},"4":{"start":{"line":14,"column":34},"end":{"line":14,"column":73}},"5":{"start":{"line":15,"column":42},"end":{"line":15,"column":57}},"6":{"start":{"line":17,"column":23},"end":{"line":32,"column":51}},"7":{"start":{"line":18,"column":4},"end":{"line":18,"column":26}},"8":{"start":{"line":19,"column":4},"end":{"line":31,"column":5}},"9":{"start":{"line":20,"column":6},"end":{"line":24,"column":9}},"10":{"start":{"line":25,"column":6},"end":{"line":25,"column":42}},"11":{"start":{"line":26,"column":6},"end":{"line":26,"column":42}},"12":{"start":{"line":30,"column":6},"end":{"line":30,"column":29}},"13":{"start":{"line":34,"column":2},"end":{"line":88,"column":4}},"14":{"start":{"line":91,"column":15},"end":{"line":119,"column":2}}},"fnMap":{"0":{"name":"ProfileSetupScreen","decl":{"start":{"line":8,"column":24},"end":{"line":8,"column":42}},"loc":{"start":{"line":8,"column":45},"end":{"line":89,"column":1}},"line":8},"1":{"name":"(anonymous_1)","decl":{"start":{"line":17,"column":35},"end":{"line":17,"column":36}},"loc":{"start":{"line":17,"column":47},"end":{"line":32,"column":3}},"line":17}},"branchMap":{"0":{"loc":{"start":{"line":14,"column":51},"end":{"line":14,"column":72}},"type":"binary-expr","locations":[{"start":{"line":14,"column":51},"end":{"line":14,"column":64}},{"start":{"line":14,"column":68},"end":{"line":14,"column":72}}],"line":14},"1":{"loc":{"start":{"line":37,"column":16},"end":{"line":37,"column":60}},"type":"cond-expr","locations":[{"start":{"line":37,"column":40},"end":{"line":37,"column":49}},{"start":{"line":37,"column":52},"end":{"line":37,"column":60}}],"line":37},"2":{"loc":{"start":{"line":81,"column":20},"end":{"line":81,"column":53}},"type":"binary-expr","locations":[{"start":{"line":81,"column":20},"end":{"line":81,"column":32}},{"start":{"line":81,"column":36},"end":{"line":81,"column":53}}],"line":81}},"s":{"0":6,"1":6,"2":6,"3":6,"4":6,"5":6,"6":6,"7":1,"8":1,"9":1,"10":1,"11":1,"12":1,"13":6,"14":1},"f":{"0":6,"1":1},"b":{"0":[6,6],"1":[6,0],"2":[6,5]},"_coverageSchema":"1a1c01bbd47fc00a2c39e90264f33305004495a9","hash":"d15cf48829b70694ca8fddc6c456408c308518dd"}
,"/Users/yemalin.godonou/Documents/works/tiko/medicalnote/mobile/app/(tabs)/_layout.tsx": {"path":"/Users/yemalin.godonou/Documents/works/tiko/medicalnote/mobile/app/(tabs)/_layout.tsx","statementMap":{"0":{"start":{"line":6,"column":16},"end":{"line":6,"column":32}},"1":{"start":{"line":8,"column":2},"end":{"line":35,"column":4}},"2":{"start":{"line":21,"column":12},"end":{"line":21,"column":85}},"3":{"start":{"line":30,"column":12},"end":{"line":30,"column":79}}},"fnMap":{"0":{"name":"TabsLayout","decl":{"start":{"line":5,"column":24},"end":{"line":5,"column":34}},"loc":{"start":{"line":5,"column":37},"end":{"line":36,"column":1}},"line":5},"1":{"name":"(anonymous_1)","decl":{"start":{"line":20,"column":22},"end":{"line":20,"column":23}},"loc":{"start":{"line":21,"column":12},"end":{"line":21,"column":85}},"line":21},"2":{"name":"(anonymous_2)","decl":{"start":{"line":29,"column":22},"end":{"line":29,"column":23}},"loc":{"start":{"line":30,"column":12},"end":{"line":30,"column":79}},"line":30}},"branchMap":{},"s":{"0":0,"1":0,"2":0,"3":0},"f":{"0":0,"1":0,"2":0},"b":{}}
,"/Users/yemalin.godonou/Documents/works/tiko/medicalnote/mobile/app/(tabs)/profile.tsx": {"path":"/Users/yemalin.godonou/Documents/works/tiko/medicalnote/mobile/app/(tabs)/profile.tsx","statementMap":{"0":{"start":{"line":16,"column":22},"end":{"line":16,"column":38}},"1":{"start":{"line":17,"column":21},"end":{"line":17,"column":30}},"2":{"start":{"line":18,"column":58},"end":{"line":18,"column":72}},"3":{"start":{"line":19,"column":34},"end":{"line":19,"column":65}},"4":{"start":{"line":21,"column":31},"end":{"line":27,"column":3}},"5":{"start":{"line":23,"column":6},"end":{"line":23,"column":24}},"6":{"start":{"line":24,"column":6},"end":{"line":24,"column":38}},"7":{"start":{"line":29,"column":23},"end":{"line":42,"column":17}},"8":{"start":{"line":30,"column":4},"end":{"line":41,"column":6}},"9":{"start":{"line":44,"column":21},"end":{"line":44,"column":61}},"10":{"start":{"line":46,"column":2},"end":{"line":119,"column":4}},"11":{"start":{"line":80,"column":12},"end":{"line":83,"column":14}},"12":{"start":{"line":95,"column":27},"end":{"line":95,"column":70}},"13":{"start":{"line":96,"column":28},"end":{"line":96,"column":73}},"14":{"start":{"line":106,"column":25},"end":{"line":106,"column":68}},"15":{"start":{"line":122,"column":15},"end":{"line":139,"column":2}}},"fnMap":{"0":{"name":"ProfileScreen","decl":{"start":{"line":15,"column":24},"end":{"line":15,"column":37}},"loc":{"start":{"line":15,"column":40},"end":{"line":120,"column":1}},"line":15},"1":{"name":"(anonymous_1)","decl":{"start":{"line":22,"column":4},"end":{"line":22,"column":5}},"loc":{"start":{"line":22,"column":28},"end":{"line":25,"column":5}},"line":22},"2":{"name":"(anonymous_2)","decl":{"start":{"line":29,"column":35},"end":{"line":29,"column":36}},"loc":{"start":{"line":29,"column":41},"end":{"line":42,"column":3}},"line":29},"3":{"name":"(anonymous_3)","decl":{"start":{"line":79,"column":17},"end":{"line":79,"column":18}},"loc":{"start":{"line":80,"column":12},"end":{"line":83,"column":14}},"line":80},"4":{"name":"(anonymous_4)","decl":{"start":{"line":95,"column":16},"end":{"line":95,"column":17}},"loc":{"start":{"line":95,"column":27},"end":{"line":95,"column":70}},"line":95},"5":{"name":"(anonymous_5)","decl":{"start":{"line":96,"column":17},"end":{"line":96,"column":18}},"loc":{"start":{"line":96,"column":28},"end":{"line":96,"column":73}},"line":96},"6":{"name":"(anonymous_6)","decl":{"start":{"line":106,"column":14},"end":{"line":106,"column":15}},"loc":{"start":{"line":106,"column":25},"end":{"line":106,"column":68}},"line":106}},"branchMap":{"0":{"loc":{"start":{"line":19,"column":43},"end":{"line":19,"column":64}},"type":"binary-expr","locations":[{"start":{"line":19,"column":43},"end":{"line":19,"column":56}},{"start":{"line":19,"column":60},"end":{"line":19,"column":64}}],"line":19},"1":{"loc":{"start":{"line":44,"column":21},"end":{"line":44,"column":61}},"type":"binary-expr","locations":[{"start":{"line":44,"column":21},"end":{"line":44,"column":50}},{"start":{"line":44,"column":54},"end":{"line":44,"column":61}}],"line":44},"2":{"loc":{"start":{"line":75,"column":12},"end":{"line":77,"column":50}},"type":"cond-expr","locations":[{"start":{"line":76,"column":16},"end":{"line":76,"column":49}},{"start":{"line":77,"column":16},"end":{"line":77,"column":50}}],"line":75}},"s":{"0":2,"1":2,"2":2,"3":2,"4":2,"5":0,"6":0,"7":2,"8":1,"9":2,"10":2,"11":2,"12":2,"13":2,"14":2,"15":1},"f":{"0":2,"1":0,"2":1,"3":2,"4":2,"5":2,"6":2},"b":{"0":[2,0],"1":[2,0],"2":[2,0]},"_coverageSchema":"1a1c01bbd47fc00a2c39e90264f33305004495a9","hash":"933bb7b430655e0dbcc56e6050ba116954b2a995"}
,"/Users/yemalin.godonou/Documents/works/tiko/medicalnote/mobile/app/(tabs)/summaries/[id].tsx": {"path":"/Users/yemalin.godonou/Documents/works/tiko/medicalnote/mobile/app/(tabs)/summaries/[id].tsx","statementMap":{"0":{"start":{"line":19,"column":17},"end":{"line":19,"column":55}},"1":{"start":{"line":20,"column":16},"end":{"line":20,"column":32}},"2":{"start":{"line":21,"column":32},"end":{"line":21,"column":69}},"3":{"start":{"line":22,"column":36},"end":{"line":22,"column":50}},"4":{"start":{"line":23,"column":28},"end":{"line":23,"column":57}},"5":{"start":{"line":24,"column":48},"end":{"line":24,"column":75}},"6":{"start":{"line":26,"column":2},"end":{"line":48,"column":14}},"7":{"start":{"line":27,"column":17},"end":{"line":46,"column":5}},"8":{"start":{"line":28,"column":6},"end":{"line":28,"column":25}},"9":{"start":{"line":29,"column":6},"end":{"line":45,"column":7}},"10":{"start":{"line":30,"column":21},"end":{"line":30,"column":62}},"11":{"start":{"line":31,"column":8},"end":{"line":31,"column":25}},"12":{"start":{"line":34,"column":8},"end":{"line":40,"column":9}},"13":{"start":{"line":35,"column":10},"end":{"line":39,"column":11}},"14":{"start":{"line":36,"column":12},"end":{"line":36,"column":48}},"15":{"start":{"line":42,"column":8},"end":{"line":42,"column":36}},"16":{"start":{"line":44,"column":8},"end":{"line":44,"column":28}},"17":{"start":{"line":47,"column":4},"end":{"line":47,"column":11}},"18":{"start":{"line":50,"column":30},"end":{"line":54,"column":8}},"19":{"start":{"line":53,"column":4},"end":{"line":53,"column":40}},"20":{"start":{"line":56,"column":2},"end":{"line":63,"column":3}},"21":{"start":{"line":57,"column":4},"end":{"line":62,"column":6}},"22":{"start":{"line":65,"column":2},"end":{"line":71,"column":3}},"23":{"start":{"line":66,"column":4},"end":{"line":70,"column":6}},"24":{"start":{"line":73,"column":22},"end":{"line":75,"column":24}},"25":{"start":{"line":77,"column":2},"end":{"line":140,"column":4}},"26":{"start":{"line":121,"column":12},"end":{"line":125,"column":14}},"27":{"start":{"line":143,"column":15},"end":{"line":202,"column":2}}},"fnMap":{"0":{"name":"SummaryDetailScreen","decl":{"start":{"line":18,"column":24},"end":{"line":18,"column":43}},"loc":{"start":{"line":18,"column":46},"end":{"line":141,"column":1}},"line":18},"1":{"name":"(anonymous_1)","decl":{"start":{"line":26,"column":12},"end":{"line":26,"column":13}},"loc":{"start":{"line":26,"column":18},"end":{"line":48,"column":3}},"line":26},"2":{"name":"(anonymous_2)","decl":{"start":{"line":27,"column":17},"end":{"line":27,"column":18}},"loc":{"start":{"line":27,"column":29},"end":{"line":46,"column":5}},"line":27},"3":{"name":"(anonymous_3)","decl":{"start":{"line":50,"column":42},"end":{"line":50,"column":43}},"loc":{"start":{"line":50,"column":48},"end":{"line":54,"column":3}},"line":50},"4":{"name":"(anonymous_4)","decl":{"start":{"line":120,"column":47},"end":{"line":120,"column":48}},"loc":{"start":{"line":121,"column":12},"end":{"line":125,"column":14}},"line":121}},"branchMap":{"0":{"loc":{"start":{"line":34,"column":8},"end":{"line":40,"column":9}},"type":"if","locations":[{"start":{"line":34,"column":8},"end":{"line":40,"column":9}},{"start":{},"end":{}}],"line":34},"1":{"loc":{"start":{"line":56,"column":2},"end":{"line":63,"column":3}},"type":"if","locations":[{"start":{"line":56,"column":2},"end":{"line":63,"column":3}},{"start":{},"end":{}}],"line":56},"2":{"loc":{"start":{"line":65,"column":2},"end":{"line":71,"column":3}},"type":"if","locations":[{"start":{"line":65,"column":2},"end":{"line":71,"column":3}},{"start":{},"end":{}}],"line":65},"3":{"loc":{"start":{"line":65,"column":6},"end":{"line":65,"column":23}},"type":"binary-expr","locations":[{"start":{"line":65,"column":6},"end":{"line":65,"column":11}},{"start":{"line":65,"column":15},"end":{"line":65,"column":23}}],"line":65},"4":{"loc":{"start":{"line":68,"column":35},"end":{"line":68,"column":61}},"type":"binary-expr","locations":[{"start":{"line":68,"column":35},"end":{"line":68,"column":40}},{"start":{"line":68,"column":44},"end":{"line":68,"column":61}}],"line":68},"5":{"loc":{"start":{"line":73,"column":22},"end":{"line":75,"column":24}},"type":"cond-expr","locations":[{"start":{"line":74,"column":6},"end":{"line":74,"column":24}},{"start":{"line":75,"column":6},"end":{"line":75,"column":24}}],"line":73},"6":{"loc":{"start":{"line":73,"column":22},"end":{"line":73,"column":68}},"type":"binary-expr","locations":[{"start":{"line":73,"column":22},"end":{"line":73,"column":46}},{"start":{"line":73,"column":50},"end":{"line":73,"column":68}}],"line":73},"7":{"loc":{"start":{"line":99,"column":7},"end":{"line":104,"column":14}},"type":"cond-expr","locations":[{"start":{"line":100,"column":8},"end":{"line":103,"column":10}},{"start":{"line":104,"column":10},"end":{"line":104,"column":14}}],"line":99},"8":{"loc":{"start":{"line":114,"column":7},"end":{"line":128,"column":7}},"type":"binary-expr","locations":[{"start":{"line":114,"column":7},"end":{"line":114,"column":49}},{"start":{"line":115,"column":8},"end":{"line":127,"column":18}}],"line":114}},"s":{"0":147,"1":147,"2":147,"3":147,"4":147,"5":147,"6":147,"7":101,"8":101,"9":101,"10":101,"11":100,"12":100,"13":100,"14":100,"15":0,"16":100,"17":101,"18":147,"19":0,"20":147,"21":99,"22":48,"23":0,"24":48,"25":48,"26":48,"27":1},"f":{"0":147,"1":101,"2":101,"3":0,"4":48},"b":{"0":[100,0],"1":[99,48],"2":[0,48],"3":[48,48],"4":[0,0],"5":[0,48],"6":[48,0],"7":[48,0],"8":[48,48]},"_coverageSchema":"1a1c01bbd47fc00a2c39e90264f33305004495a9","hash":"dbf475864f69d679c1c3340404a8b51d57fffc89"}
,"/Users/yemalin.godonou/Documents/works/tiko/medicalnote/mobile/app/(tabs)/summaries/_layout.tsx": {"path":"/Users/yemalin.godonou/Documents/works/tiko/medicalnote/mobile/app/(tabs)/summaries/_layout.tsx","statementMap":{"0":{"start":{"line":4,"column":2},"end":{"line":9,"column":4}}},"fnMap":{"0":{"name":"SummariesLayout","decl":{"start":{"line":3,"column":24},"end":{"line":3,"column":39}},"loc":{"start":{"line":3,"column":42},"end":{"line":10,"column":1}},"line":3}},"branchMap":{},"s":{"0":0},"f":{"0":0},"b":{}}
,"/Users/yemalin.godonou/Documents/works/tiko/medicalnote/mobile/app/(tabs)/summaries/index.tsx": {"path":"/Users/yemalin.godonou/Documents/works/tiko/medicalnote/mobile/app/(tabs)/summaries/index.tsx","statementMap":{"0":{"start":{"line":11,"column":16},"end":{"line":11,"column":32}},"1":{"start":{"line":12,"column":17},"end":{"line":12,"column":28}},"2":{"start":{"line":13,"column":36},"end":{"line":13,"column":66}},"3":{"start":{"line":14,"column":36},"end":{"line":14,"column":50}},"4":{"start":{"line":15,"column":42},"end":{"line":15,"column":57}},"5":{"start":{"line":16,"column":28},"end":{"line":16,"column":57}},"6":{"start":{"line":18,"column":25},"end":{"line":26,"column":9}},"7":{"start":{"line":19,"column":4},"end":{"line":19,"column":19}},"8":{"start":{"line":20,"column":4},"end":{"line":25,"column":5}},"9":{"start":{"line":21,"column":19},"end":{"line":21,"column":54}},"10":{"start":{"line":22,"column":6},"end":{"line":22,"column":25}},"11":{"start":{"line":24,"column":6},"end":{"line":24,"column":34}},"12":{"start":{"line":28,"column":2},"end":{"line":35,"column":23}},"13":{"start":{"line":29,"column":17},"end":{"line":33,"column":5}},"14":{"start":{"line":30,"column":6},"end":{"line":30,"column":25}},"15":{"start":{"line":31,"column":6},"end":{"line":31,"column":29}},"16":{"start":{"line":32,"column":6},"end":{"line":32,"column":26}},"17":{"start":{"line":34,"column":4},"end":{"line":34,"column":11}},"18":{"start":{"line":37,"column":24},"end":{"line":41,"column":22}},"19":{"start":{"line":38,"column":4},"end":{"line":38,"column":26}},"20":{"start":{"line":39,"column":4},"end":{"line":39,"column":27}},"21":{"start":{"line":40,"column":4},"end":{"line":40,"column":27}},"22":{"start":{"line":43,"column":29},"end":{"line":48,"column":3}},"23":{"start":{"line":45,"column":6},"end":{"line":45,"column":54}},"24":{"start":{"line":50,"column":2},"end":{"line":57,"column":3}},"25":{"start":{"line":51,"column":4},"end":{"line":56,"column":6}},"26":{"start":{"line":59,"column":2},"end":{"line":68,"column":3}},"27":{"start":{"line":60,"column":4},"end":{"line":67,"column":6}},"28":{"start":{"line":70,"column":2},"end":{"line":78,"column":3}},"29":{"start":{"line":71,"column":4},"end":{"line":77,"column":6}},"30":{"start":{"line":80,"column":2},"end":{"line":92,"column":4}},"31":{"start":{"line":83,"column":30},"end":{"line":83,"column":37}},"32":{"start":{"line":85,"column":8},"end":{"line":85,"column":67}},"33":{"start":{"line":95,"column":15},"end":{"line":115,"column":2}}},"fnMap":{"0":{"name":"SummaryListScreen","decl":{"start":{"line":10,"column":24},"end":{"line":10,"column":41}},"loc":{"start":{"line":10,"column":44},"end":{"line":93,"column":1}},"line":10},"1":{"name":"(anonymous_1)","decl":{"start":{"line":18,"column":37},"end":{"line":18,"column":38}},"loc":{"start":{"line":18,"column":49},"end":{"line":26,"column":3}},"line":18},"2":{"name":"(anonymous_2)","decl":{"start":{"line":28,"column":12},"end":{"line":28,"column":13}},"loc":{"start":{"line":28,"column":18},"end":{"line":35,"column":3}},"line":28},"3":{"name":"(anonymous_3)","decl":{"start":{"line":29,"column":17},"end":{"line":29,"column":18}},"loc":{"start":{"line":29,"column":29},"end":{"line":33,"column":5}},"line":29},"4":{"name":"(anonymous_4)","decl":{"start":{"line":37,"column":36},"end":{"line":37,"column":37}},"loc":{"start":{"line":37,"column":48},"end":{"line":41,"column":3}},"line":37},"5":{"name":"(anonymous_5)","decl":{"start":{"line":44,"column":4},"end":{"line":44,"column":5}},"loc":{"start":{"line":44,"column":20},"end":{"line":46,"column":5}},"line":44},"6":{"name":"(anonymous_6)","decl":{"start":{"line":83,"column":20},"end":{"line":83,"column":21}},"loc":{"start":{"line":83,"column":30},"end":{"line":83,"column":37}},"line":83},"7":{"name":"(anonymous_7)","decl":{"start":{"line":84,"column":18},"end":{"line":84,"column":19}},"loc":{"start":{"line":85,"column":8},"end":{"line":85,"column":67}},"line":85}},"branchMap":{"0":{"loc":{"start":{"line":50,"column":2},"end":{"line":57,"column":3}},"type":"if","locations":[{"start":{"line":50,"column":2},"end":{"line":57,"column":3}},{"start":{},"end":{}}],"line":50},"1":{"loc":{"start":{"line":59,"column":2},"end":{"line":68,"column":3}},"type":"if","locations":[{"start":{"line":59,"column":2},"end":{"line":68,"column":3}},{"start":{},"end":{}}],"line":59},"2":{"loc":{"start":{"line":70,"column":2},"end":{"line":78,"column":3}},"type":"if","locations":[{"start":{"line":70,"column":2},"end":{"line":78,"column":3}},{"start":{},"end":{}}],"line":70}},"s":{"0":276,"1":276,"2":276,"3":276,"4":276,"5":276,"6":276,"7":186,"8":186,"9":186,"10":154,"11":31,"12":276,"13":186,"14":186,"15":186,"16":185,"17":186,"18":276,"19":0,"20":0,"21":0,"22":276,"23":0,"24":276,"25":185,"26":91,"27":15,"28":76,"29":75,"30":1,"31":2,"32":1,"33":1},"f":{"0":276,"1":186,"2":186,"3":186,"4":0,"5":0,"6":2,"7":1},"b":{"0":[185,91],"1":[15,76],"2":[75,1]},"_coverageSchema":"1a1c01bbd47fc00a2c39e90264f33305004495a9","hash":"2575e0d361630598af6ad349bd06fec67cc276a0"}
,"/Users/yemalin.godonou/Documents/works/tiko/medicalnote/mobile/components/language-toggle.tsx": {"path":"/Users/yemalin.godonou/Documents/works/tiko/medicalnote/mobile/components/language-toggle.tsx","statementMap":{"0":{"start":{"line":12,"column":16},"end":{"line":12,"column":32}},"1":{"start":{"line":14,"column":2},"end":{"line":26,"column":4}},"2":{"start":{"line":18,"column":34},"end":{"line":18,"column":64}},"3":{"start":{"line":29,"column":15},"end":{"line":33,"column":2}}},"fnMap":{"0":{"name":"LanguageToggle","decl":{"start":{"line":11,"column":16},"end":{"line":11,"column":30}},"loc":{"start":{"line":11,"column":83},"end":{"line":27,"column":1}},"line":11},"1":{"name":"(anonymous_1)","decl":{"start":{"line":18,"column":23},"end":{"line":18,"column":24}},"loc":{"start":{"line":18,"column":34},"end":{"line":18,"column":64}},"line":18}},"branchMap":{},"s":{"0":51,"1":51,"2":2,"3":2},"f":{"0":51,"1":2},"b":{},"_coverageSchema":"1a1c01bbd47fc00a2c39e90264f33305004495a9","hash":"7c49ae4ebae51a896eb1b76a48ab5a294fe60865"}
,"/Users/yemalin.godonou/Documents/works/tiko/medicalnote/mobile/components/medical-term-tooltip.tsx": {"path":"/Users/yemalin.godonou/Documents/works/tiko/medicalnote/mobile/components/medical-term-tooltip.tsx","statementMap":{"0":{"start":{"line":11,"column":38},"end":{"line":11,"column":53}},"1":{"start":{"line":13,"column":2},"end":{"line":26,"column":4}},"2":{"start":{"line":15,"column":32},"end":{"line":15,"column":58}},"3":{"start":{"line":29,"column":15},"end":{"line":48,"column":2}}},"fnMap":{"0":{"name":"MedicalTermTooltip","decl":{"start":{"line":10,"column":16},"end":{"line":10,"column":34}},"loc":{"start":{"line":10,"column":83},"end":{"line":27,"column":1}},"line":10},"1":{"name":"(anonymous_1)","decl":{"start":{"line":15,"column":26},"end":{"line":15,"column":27}},"loc":{"start":{"line":15,"column":32},"end":{"line":15,"column":58}},"line":15}},"branchMap":{"0":{"loc":{"start":{"line":18,"column":7},"end":{"line":24,"column":7}},"type":"binary-expr","locations":[{"start":{"line":18,"column":7},"end":{"line":18,"column":17}},{"start":{"line":19,"column":8},"end":{"line":23,"column":18}}],"line":18}},"s":{"0":54,"1":54,"2":3,"3":2},"f":{"0":54,"1":3},"b":{"0":[54,2]},"_coverageSchema":"1a1c01bbd47fc00a2c39e90264f33305004495a9","hash":"94694cc73cffc2b2a9c13ad8f50aeb9368b119e9"}
,"/Users/yemalin.godonou/Documents/works/tiko/medicalnote/mobile/components/summary-card.tsx": {"path":"/Users/yemalin.godonou/Documents/works/tiko/medicalnote/mobile/components/summary-card.tsx","statementMap":{"0":{"start":{"line":13,"column":16},"end":{"line":13,"column":32}},"1":{"start":{"line":14,"column":16},"end":{"line":14,"column":72}},"2":{"start":{"line":15,"column":22},"end":{"line":15,"column":107}},"3":{"start":{"line":17,"column":2},"end":{"line":40,"column":4}},"4":{"start":{"line":20,"column":21},"end":{"line":20,"column":40}},"5":{"start":{"line":43,"column":15},"end":{"line":72,"column":2}}},"fnMap":{"0":{"name":"SummaryCard","decl":{"start":{"line":12,"column":16},"end":{"line":12,"column":27}},"loc":{"start":{"line":12,"column":68},"end":{"line":41,"column":1}},"line":12},"1":{"name":"(anonymous_1)","decl":{"start":{"line":20,"column":15},"end":{"line":20,"column":16}},"loc":{"start":{"line":20,"column":21},"end":{"line":20,"column":40}},"line":20}},"branchMap":{"0":{"loc":{"start":{"line":14,"column":16},"end":{"line":14,"column":72}},"type":"binary-expr","locations":[{"start":{"line":14,"column":16},"end":{"line":14,"column":50}},{"start":{"line":14,"column":54},"end":{"line":14,"column":72}}],"line":14},"1":{"loc":{"start":{"line":15,"column":62},"end":{"line":15,"column":106}},"type":"cond-expr","locations":[{"start":{"line":15,"column":96},"end":{"line":15,"column":101}},{"start":{"line":15,"column":104},"end":{"line":15,"column":106}}],"line":15},"2":{"loc":{"start":{"line":19,"column":27},"end":{"line":19,"column":50}},"type":"binary-expr","locations":[{"start":{"line":19,"column":27},"end":{"line":19,"column":32}},{"start":{"line":19,"column":36},"end":{"line":19,"column":50}}],"line":19},"3":{"loc":{"start":{"line":33,"column":9},"end":{"line":37,"column":9}},"type":"binary-expr","locations":[{"start":{"line":33,"column":9},"end":{"line":33,"column":14}},{"start":{"line":34,"column":10},"end":{"line":36,"column":17}}],"line":33}},"s":{"0":6,"1":6,"2":6,"3":6,"4":1,"5":2},"f":{"0":6,"1":1},"b":{"0":[6,5],"1":[0,6],"2":[6,5],"3":[6,5]},"_coverageSchema":"1a1c01bbd47fc00a2c39e90264f33305004495a9","hash":"c4affc5290f69d3ce81b00acb946f4d6da2cc7d7"}
,"/Users/yemalin.godonou/Documents/works/tiko/medicalnote/mobile/config/env.ts": {"path":"/Users/yemalin.godonou/Documents/works/tiko/medicalnote/mobile/config/env.ts","statementMap":{"0":{"start":{"line":1,"column":19},"end":{"line":4,"column":10}}},"fnMap":{},"branchMap":{"0":{"loc":{"start":{"line":2,"column":16},"end":{"line":2,"column":86}},"type":"binary-expr","locations":[{"start":{"line":2,"column":16},"end":{"line":2,"column":52}},{"start":{"line":2,"column":56},"end":{"line":2,"column":86}}],"line":2},"1":{"loc":{"start":{"line":3,"column":17},"end":{"line":3,"column":60}},"type":"binary-expr","locations":[{"start":{"line":3,"column":17},"end":{"line":3,"column":54}},{"start":{"line":3,"column":58},"end":{"line":3,"column":60}}],"line":3}},"s":{"0":11},"f":{},"b":{"0":[11,11],"1":[11,11]},"_coverageSchema":"1a1c01bbd47fc00a2c39e90264f33305004495a9","hash":"1d70db0094e7a8c82e9186ab7beb7d1549b705dd"}
,"/Users/yemalin.godonou/Documents/works/tiko/medicalnote/mobile/contexts/auth-context.tsx": {"path":"/Users/yemalin.godonou/Documents/works/tiko/medicalnote/mobile/contexts/auth-context.tsx","statementMap":{"0":{"start":{"line":14,"column":20},"end":{"line":14,"column":67}},"1":{"start":{"line":17,"column":48},"end":{"line":17,"column":63}},"2":{"start":{"line":18,"column":36},"end":{"line":18,"column":50}},"3":{"start":{"line":19,"column":30},"end":{"line":19,"column":59}},"4":{"start":{"line":21,"column":2},"end":{"line":37,"column":9}},"5":{"start":{"line":22,"column":22},"end":{"line":35,"column":5}},"6":{"start":{"line":23,"column":6},"end":{"line":34,"column":7}},"7":{"start":{"line":24,"column":30},"end":{"line":24,"column":65}},"8":{"start":{"line":25,"column":8},"end":{"line":29,"column":9}},"9":{"start":{"line":26,"column":31},"end":{"line":26,"column":61}},"10":{"start":{"line":27,"column":10},"end":{"line":27,"column":34}},"11":{"start":{"line":28,"column":10},"end":{"line":28,"column":35}},"12":{"start":{"line":31,"column":8},"end":{"line":31,"column":34}},"13":{"start":{"line":33,"column":8},"end":{"line":33,"column":28}},"14":{"start":{"line":36,"column":4},"end":{"line":36,"column":16}},"15":{"start":{"line":39,"column":18},"end":{"line":41,"column":8}},"16":{"start":{"line":40,"column":4},"end":{"line":40,"column":37}},"17":{"start":{"line":43,"column":16},"end":{"line":47,"column":8}},"18":{"start":{"line":44,"column":21},"end":{"line":44,"column":61}},"19":{"start":{"line":45,"column":4},"end":{"line":45,"column":32}},"20":{"start":{"line":46,"column":4},"end":{"line":46,"column":29}},"21":{"start":{"line":49,"column":17},"end":{"line":53,"column":8}},"22":{"start":{"line":50,"column":4},"end":{"line":50,"column":31}},"23":{"start":{"line":51,"column":4},"end":{"line":51,"column":20}},"24":{"start":{"line":52,"column":4},"end":{"line":52,"column":30}},"25":{"start":{"line":55,"column":2},"end":{"line":61,"column":4}},"26":{"start":{"line":65,"column":18},"end":{"line":65,"column":41}},"27":{"start":{"line":66,"column":2},"end":{"line":68,"column":3}},"28":{"start":{"line":67,"column":4},"end":{"line":67,"column":67}},"29":{"start":{"line":69,"column":2},"end":{"line":69,"column":17}}},"fnMap":{"0":{"name":"AuthProvider","decl":{"start":{"line":16,"column":16},"end":{"line":16,"column":28}},"loc":{"start":{"line":16,"column":74},"end":{"line":62,"column":1}},"line":16},"1":{"name":"(anonymous_1)","decl":{"start":{"line":21,"column":12},"end":{"line":21,"column":13}},"loc":{"start":{"line":21,"column":18},"end":{"line":37,"column":3}},"line":21},"2":{"name":"(anonymous_2)","decl":{"start":{"line":22,"column":22},"end":{"line":22,"column":23}},"loc":{"start":{"line":22,"column":34},"end":{"line":35,"column":5}},"line":22},"3":{"name":"(anonymous_3)","decl":{"start":{"line":39,"column":30},"end":{"line":39,"column":31}},"loc":{"start":{"line":39,"column":55},"end":{"line":41,"column":3}},"line":39},"4":{"name":"(anonymous_4)","decl":{"start":{"line":43,"column":28},"end":{"line":43,"column":29}},"loc":{"start":{"line":43,"column":67},"end":{"line":47,"column":3}},"line":43},"5":{"name":"(anonymous_5)","decl":{"start":{"line":49,"column":29},"end":{"line":49,"column":30}},"loc":{"start":{"line":49,"column":41},"end":{"line":53,"column":3}},"line":49},"6":{"name":"useAuth","decl":{"start":{"line":64,"column":16},"end":{"line":64,"column":23}},"loc":{"start":{"line":64,"column":37},"end":{"line":70,"column":1}},"line":64}},"branchMap":{"0":{"loc":{"start":{"line":25,"column":8},"end":{"line":29,"column":9}},"type":"if","locations":[{"start":{"line":25,"column":8},"end":{"line":29,"column":9}},{"start":{},"end":{}}],"line":25},"1":{"loc":{"start":{"line":66,"column":2},"end":{"line":68,"column":3}},"type":"if","locations":[{"start":{"line":66,"column":2},"end":{"line":68,"column":3}},{"start":{},"end":{}}],"line":66}},"s":{"0":4,"1":8,"2":8,"3":8,"4":8,"5":3,"6":3,"7":3,"8":3,"9":1,"10":1,"11":1,"12":0,"13":3,"14":3,"15":8,"16":0,"17":8,"18":1,"19":1,"20":1,"21":8,"22":1,"23":1,"24":1,"25":8,"26":8,"27":8,"28":0,"29":8},"f":{"0":8,"1":3,"2":3,"3":0,"4":1,"5":1,"6":8},"b":{"0":[1,2],"1":[0,8]},"_coverageSchema":"1a1c01bbd47fc00a2c39e90264f33305004495a9","hash":"40e81b7b662a586ed16b8fd082c9fdb86b7e7660"}
,"/Users/yemalin.godonou/Documents/works/tiko/medicalnote/mobile/hooks/use-network-status.ts": {"path":"/Users/yemalin.godonou/Documents/works/tiko/medicalnote/mobile/hooks/use-network-status.ts","statementMap":{"0":{"start":{"line":10,"column":30},"end":{"line":13,"column":4}},"1":{"start":{"line":15,"column":2},"end":{"line":33,"column":9}},"2":{"start":{"line":17,"column":4},"end":{"line":22,"column":7}},"3":{"start":{"line":18,"column":6},"end":{"line":21,"column":9}},"4":{"start":{"line":25,"column":24},"end":{"line":30,"column":6}},"5":{"start":{"line":26,"column":6},"end":{"line":29,"column":9}},"6":{"start":{"line":32,"column":4},"end":{"line":32,"column":31}},"7":{"start":{"line":32,"column":17},"end":{"line":32,"column":30}},"8":{"start":{"line":35,"column":2},"end":{"line":35,"column":16}}},"fnMap":{"0":{"name":"useNetworkStatus","decl":{"start":{"line":9,"column":16},"end":{"line":9,"column":32}},"loc":{"start":{"line":9,"column":50},"end":{"line":36,"column":1}},"line":9},"1":{"name":"(anonymous_1)","decl":{"start":{"line":15,"column":12},"end":{"line":15,"column":13}},"loc":{"start":{"line":15,"column":18},"end":{"line":33,"column":3}},"line":15},"2":{"name":"(anonymous_2)","decl":{"start":{"line":17,"column":25},"end":{"line":17,"column":26}},"loc":{"start":{"line":17,"column":50},"end":{"line":22,"column":5}},"line":17},"3":{"name":"(anonymous_3)","decl":{"start":{"line":25,"column":49},"end":{"line":25,"column":50}},"loc":{"start":{"line":25,"column":74},"end":{"line":30,"column":5}},"line":25},"4":{"name":"(anonymous_4)","decl":{"start":{"line":32,"column":11},"end":{"line":32,"column":12}},"loc":{"start":{"line":32,"column":17},"end":{"line":32,"column":30}},"line":32}},"branchMap":{"0":{"loc":{"start":{"line":19,"column":21},"end":{"line":19,"column":46}},"type":"binary-expr","locations":[{"start":{"line":19,"column":21},"end":{"line":19,"column":38}},{"start":{"line":19,"column":42},"end":{"line":19,"column":46}}],"line":19},"1":{"loc":{"start":{"line":27,"column":21},"end":{"line":27,"column":46}},"type":"binary-expr","locations":[{"start":{"line":27,"column":21},"end":{"line":27,"column":38}},{"start":{"line":27,"column":42},"end":{"line":27,"column":46}}],"line":27}},"s":{"0":4,"1":4,"2":2,"3":2,"4":2,"5":0,"6":2,"7":2,"8":4},"f":{"0":4,"1":2,"2":2,"3":0,"4":2},"b":{"0":[2,0],"1":[0,0]},"_coverageSchema":"1a1c01bbd47fc00a2c39e90264f33305004495a9","hash":"b24fb9886526086c998e259b32543fb03b18478e"}
,"/Users/yemalin.godonou/Documents/works/tiko/medicalnote/mobile/i18n/index.ts": {"path":"/Users/yemalin.godonou/Documents/works/tiko/medicalnote/mobile/i18n/index.ts","statementMap":{"0":{"start":{"line":8,"column":18},"end":{"line":11,"column":1}},"1":{"start":{"line":13,"column":21},"end":{"line":13,"column":71}},"2":{"start":{"line":14,"column":26},"end":{"line":14,"column":83}},"3":{"start":{"line":16,"column":0},"end":{"line":24,"column":3}}},"fnMap":{},"branchMap":{"0":{"loc":{"start":{"line":13,"column":21},"end":{"line":13,"column":71}},"type":"binary-expr","locations":[{"start":{"line":13,"column":21},"end":{"line":13,"column":63}},{"start":{"line":13,"column":67},"end":{"line":13,"column":71}}],"line":13},"1":{"loc":{"start":{"line":14,"column":26},"end":{"line":14,"column":83}},"type":"cond-expr","locations":[{"start":{"line":14,"column":64},"end":{"line":14,"column":76}},{"start":{"line":14,"column":79},"end":{"line":14,"column":83}}],"line":14}},"s":{"0":1,"1":1,"2":1,"3":1},"f":{},"b":{"0":[1,0],"1":[1,0]},"_coverageSchema":"1a1c01bbd47fc00a2c39e90264f33305004495a9","hash":"a9b30df4e9b08772e9f603ec8bca63672c938be8"}
,"/Users/yemalin.godonou/Documents/works/tiko/medicalnote/mobile/services/api-client.ts": {"path":"/Users/yemalin.godonou/Documents/works/tiko/medicalnote/mobile/services/api-client.ts","statementMap":{"0":{"start":{"line":5,"column":19},"end":{"line":5,"column":24}},"1":{"start":{"line":9,"column":5},"end":{"line":9,"column":7}},"2":{"start":{"line":11,"column":21},"end":{"line":20,"column":1}},"3":{"start":{"line":12,"column":2},"end":{"line":18,"column":5}},"4":{"start":{"line":13,"column":4},"end":{"line":17,"column":5}},"5":{"start":{"line":14,"column":6},"end":{"line":14,"column":28}},"6":{"start":{"line":16,"column":6},"end":{"line":16,"column":30}},"7":{"start":{"line":19,"column":2},"end":{"line":19,"column":19}},"8":{"start":{"line":22,"column":25},"end":{"line":28,"column":2}},"9":{"start":{"line":31,"column":0},"end":{"line":40,"column":2}},"10":{"start":{"line":33,"column":18},"end":{"line":33,"column":53}},"11":{"start":{"line":34,"column":4},"end":{"line":36,"column":5}},"12":{"start":{"line":35,"column":6},"end":{"line":35,"column":55}},"13":{"start":{"line":37,"column":4},"end":{"line":37,"column":18}},"14":{"start":{"line":39,"column":13},"end":{"line":39,"column":34}},"15":{"start":{"line":43,"column":0},"end":{"line":89,"column":2}},"16":{"start":{"line":44,"column":16},"end":{"line":44,"column":24}},"17":{"start":{"line":46,"column":28},"end":{"line":46,"column":93}},"18":{"start":{"line":48,"column":4},"end":{"line":50,"column":5}},"19":{"start":{"line":49,"column":6},"end":{"line":49,"column":35}},"20":{"start":{"line":52,"column":4},"end":{"line":59,"column":5}},"21":{"start":{"line":53,"column":6},"end":{"line":58,"column":9}},"22":{"start":{"line":54,"column":8},"end":{"line":54,"column":46}},"23":{"start":{"line":56,"column":8},"end":{"line":56,"column":66}},"24":{"start":{"line":57,"column":8},"end":{"line":57,"column":42}},"25":{"start":{"line":61,"column":4},"end":{"line":61,"column":34}},"26":{"start":{"line":62,"column":4},"end":{"line":62,"column":24}},"27":{"start":{"line":64,"column":4},"end":{"line":87,"column":5}},"28":{"start":{"line":65,"column":27},"end":{"line":65,"column":63}},"29":{"start":{"line":66,"column":6},"end":{"line":68,"column":7}},"30":{"start":{"line":67,"column":8},"end":{"line":67,"column":54}},"31":{"start":{"line":70,"column":23},"end":{"line":73,"column":7}},"32":{"start":{"line":75,"column":34},"end":{"line":75,"column":47}},"33":{"start":{"line":76,"column":6},"end":{"line":76,"column":56}},"34":{"start":{"line":78,"column":6},"end":{"line":78,"column":33}},"35":{"start":{"line":79,"column":6},"end":{"line":79,"column":65}},"36":{"start":{"line":80,"column":6},"end":{"line":80,"column":40}},"37":{"start":{"line":82,"column":6},"end":{"line":82,"column":48}},"38":{"start":{"line":83,"column":6},"end":{"line":83,"column":39}},"39":{"start":{"line":84,"column":6},"end":{"line":84,"column":42}},"40":{"start":{"line":86,"column":6},"end":{"line":86,"column":27}}},"fnMap":{"0":{"name":"(anonymous_0)","decl":{"start":{"line":11,"column":21},"end":{"line":11,"column":22}},"loc":{"start":{"line":11,"column":75},"end":{"line":20,"column":1}},"line":11},"1":{"name":"(anonymous_1)","decl":{"start":{"line":12,"column":22},"end":{"line":12,"column":23}},"loc":{"start":{"line":12,"column":35},"end":{"line":18,"column":3}},"line":12},"2":{"name":"(anonymous_2)","decl":{"start":{"line":32,"column":2},"end":{"line":32,"column":3}},"loc":{"start":{"line":32,"column":48},"end":{"line":38,"column":3}},"line":32},"3":{"name":"(anonymous_3)","decl":{"start":{"line":39,"column":2},"end":{"line":39,"column":3}},"loc":{"start":{"line":39,"column":13},"end":{"line":39,"column":34}},"line":39},"4":{"name":"(anonymous_4)","decl":{"start":{"line":44,"column":2},"end":{"line":44,"column":3}},"loc":{"start":{"line":44,"column":16},"end":{"line":44,"column":24}},"line":44},"5":{"name":"(anonymous_5)","decl":{"start":{"line":45,"column":2},"end":{"line":45,"column":3}},"loc":{"start":{"line":45,"column":31},"end":{"line":88,"column":3}},"line":45},"6":{"name":"(anonymous_6)","decl":{"start":{"line":53,"column":33},"end":{"line":53,"column":34}},"loc":{"start":{"line":53,"column":54},"end":{"line":55,"column":7}},"line":53},"7":{"name":"(anonymous_7)","decl":{"start":{"line":55,"column":14},"end":{"line":55,"column":15}},"loc":{"start":{"line":55,"column":25},"end":{"line":58,"column":7}},"line":55}},"branchMap":{"0":{"loc":{"start":{"line":11,"column":43},"end":{"line":11,"column":70}},"type":"default-arg","locations":[{"start":{"line":11,"column":66},"end":{"line":11,"column":70}}],"line":11},"1":{"loc":{"start":{"line":13,"column":4},"end":{"line":17,"column":5}},"type":"if","locations":[{"start":{"line":13,"column":4},"end":{"line":17,"column":5}},{"start":{"line":15,"column":11},"end":{"line":17,"column":5}}],"line":13},"2":{"loc":{"start":{"line":34,"column":4},"end":{"line":36,"column":5}},"type":"if","locations":[{"start":{"line":34,"column":4},"end":{"line":36,"column":5}},{"start":{},"end":{}}],"line":34},"3":{"loc":{"start":{"line":48,"column":4},"end":{"line":50,"column":5}},"type":"if","locations":[{"start":{"line":48,"column":4},"end":{"line":50,"column":5}},{"start":{},"end":{}}],"line":48},"4":{"loc":{"start":{"line":48,"column":8},"end":{"line":48,"column":64}},"type":"binary-expr","locations":[{"start":{"line":48,"column":8},"end":{"line":48,"column":38}},{"start":{"line":48,"column":42},"end":{"line":48,"column":64}}],"line":48},"5":{"loc":{"start":{"line":52,"column":4},"end":{"line":59,"column":5}},"type":"if","locations":[{"start":{"line":52,"column":4},"end":{"line":59,"column":5}},{"start":{},"end":{}}],"line":52},"6":{"loc":{"start":{"line":66,"column":6},"end":{"line":68,"column":7}},"type":"if","locations":[{"start":{"line":66,"column":6},"end":{"line":68,"column":7}},{"start":{},"end":{}}],"line":66}},"s":{"0":10,"1":10,"2":10,"3":0,"4":0,"5":0,"6":0,"7":0,"8":10,"9":10,"10":0,"11":0,"12":0,"13":0,"14":0,"15":10,"16":0,"17":0,"18":0,"19":0,"20":0,"21":0,"22":0,"23":0,"24":0,"25":0,"26":0,"27":0,"28":0,"29":0,"30":0,"31":0,"32":0,"33":0,"34":0,"35":0,"36":0,"37":0,"38":0,"39":0,"40":0},"f":{"0":0,"1":0,"2":0,"3":0,"4":0,"5":0,"6":0,"7":0},"b":{"0":[0],"1":[0,0],"2":[0,0],"3":[0,0],"4":[0,0],"5":[0,0],"6":[0,0]},"_coverageSchema":"1a1c01bbd47fc00a2c39e90264f33305004495a9","hash":"d48b2d38772676f1347bacb96f318591b258dfff"}
,"/Users/yemalin.godonou/Documents/works/tiko/medicalnote/mobile/services/auth-service.ts": {"path":"/Users/yemalin.godonou/Documents/works/tiko/medicalnote/mobile/services/auth-service.ts","statementMap":{"0":{"start":{"line":11,"column":27},"end":{"line":40,"column":1}},"1":{"start":{"line":13,"column":21},"end":{"line":16,"column":5}},"2":{"start":{"line":17,"column":4},"end":{"line":17,"column":25}},"3":{"start":{"line":21,"column":21},"end":{"line":24,"column":5}},"4":{"start":{"line":25,"column":41},"end":{"line":25,"column":54}},"5":{"start":{"line":26,"column":4},"end":{"line":26,"column":54}},"6":{"start":{"line":27,"column":4},"end":{"line":27,"column":42}},"7":{"start":{"line":28,"column":4},"end":{"line":28,"column":25}},"8":{"start":{"line":32,"column":4},"end":{"line":32,"column":37}},"9":{"start":{"line":33,"column":4},"end":{"line":33,"column":28}},"10":{"start":{"line":37,"column":18},"end":{"line":37,"column":53}},"11":{"start":{"line":38,"column":4},"end":{"line":38,"column":26}}},"fnMap":{"0":{"name":"(anonymous_0)","decl":{"start":{"line":12,"column":2},"end":{"line":12,"column":3}},"loc":{"start":{"line":12,"column":57},"end":{"line":18,"column":3}},"line":12},"1":{"name":"(anonymous_1)","decl":{"start":{"line":20,"column":2},"end":{"line":20,"column":3}},"loc":{"start":{"line":20,"column":75},"end":{"line":29,"column":3}},"line":20},"2":{"name":"(anonymous_2)","decl":{"start":{"line":31,"column":2},"end":{"line":31,"column":3}},"loc":{"start":{"line":31,"column":32},"end":{"line":34,"column":3}},"line":31},"3":{"name":"(anonymous_3)","decl":{"start":{"line":36,"column":2},"end":{"line":36,"column":3}},"loc":{"start":{"line":36,"column":44},"end":{"line":39,"column":3}},"line":36}},"branchMap":{},"s":{"0":5,"1":1,"2":1,"3":2,"4":1,"5":1,"6":1,"7":1,"8":1,"9":1,"10":2,"11":2},"f":{"0":1,"1":2,"2":1,"3":2},"b":{},"_coverageSchema":"1a1c01bbd47fc00a2c39e90264f33305004495a9","hash":"575fc05fbd5cfcc6f6355afbe35d725aa5f89563"}
,"/Users/yemalin.godonou/Documents/works/tiko/medicalnote/mobile/services/background-messaging.ts": {"path":"/Users/yemalin.godonou/Documents/works/tiko/medicalnote/mobile/services/background-messaging.ts","statementMap":{"0":{"start":{"line":4,"column":0},"end":{"line":9,"column":3}},"1":{"start":{"line":8,"column":2},"end":{"line":8,"column":71}}},"fnMap":{"0":{"name":"(anonymous_0)","decl":{"start":{"line":4,"column":40},"end":{"line":4,"column":41}},"loc":{"start":{"line":4,"column":65},"end":{"line":9,"column":1}},"line":4}},"branchMap":{},"s":{"0":0,"1":0},"f":{"0":0},"b":{}}
,"/Users/yemalin.godonou/Documents/works/tiko/medicalnote/mobile/services/offline-cache.ts": {"path":"/Users/yemalin.godonou/Documents/works/tiko/medicalnote/mobile/services/offline-cache.ts","statementMap":{"0":{"start":{"line":4,"column":13},"end":{"line":8,"column":10}},"1":{"start":{"line":11,"column":16},"end":{"line":14,"column":2}},"2":{"start":{"line":16,"column":28},"end":{"line":58,"column":1}},"3":{"start":{"line":18,"column":4},"end":{"line":18,"column":64}},"4":{"start":{"line":22,"column":16},"end":{"line":22,"column":54}},"5":{"start":{"line":23,"column":4},"end":{"line":23,"column":26}},"6":{"start":{"line":23,"column":14},"end":{"line":23,"column":26}},"7":{"start":{"line":24,"column":4},"end":{"line":28,"column":5}},"8":{"start":{"line":25,"column":6},"end":{"line":25,"column":49}},"9":{"start":{"line":27,"column":6},"end":{"line":27,"column":18}},"10":{"start":{"line":32,"column":4},"end":{"line":32,"column":79}},"11":{"start":{"line":36,"column":16},"end":{"line":36,"column":71}},"12":{"start":{"line":37,"column":4},"end":{"line":37,"column":26}},"13":{"start":{"line":37,"column":14},"end":{"line":37,"column":26}},"14":{"start":{"line":38,"column":4},"end":{"line":42,"column":5}},"15":{"start":{"line":39,"column":6},"end":{"line":39,"column":47}},"16":{"start":{"line":41,"column":6},"end":{"line":41,"column":18}},"17":{"start":{"line":46,"column":4},"end":{"line":46,"column":54}},"18":{"start":{"line":50,"column":16},"end":{"line":50,"column":49}},"19":{"start":{"line":51,"column":4},"end":{"line":51,"column":26}},"20":{"start":{"line":51,"column":14},"end":{"line":51,"column":26}},"21":{"start":{"line":52,"column":4},"end":{"line":52,"column":29}},"22":{"start":{"line":56,"column":4},"end":{"line":56,"column":23}}},"fnMap":{"0":{"name":"(anonymous_0)","decl":{"start":{"line":17,"column":2},"end":{"line":17,"column":3}},"loc":{"start":{"line":17,"column":50},"end":{"line":19,"column":3}},"line":17},"1":{"name":"(anonymous_1)","decl":{"start":{"line":21,"column":2},"end":{"line":21,"column":3}},"loc":{"start":{"line":21,"column":42},"end":{"line":29,"column":3}},"line":21},"2":{"name":"(anonymous_2)","decl":{"start":{"line":31,"column":2},"end":{"line":31,"column":3}},"loc":{"start":{"line":31,"column":62},"end":{"line":33,"column":3}},"line":31},"3":{"name":"(anonymous_3)","decl":{"start":{"line":35,"column":2},"end":{"line":35,"column":3}},"loc":{"start":{"line":35,"column":54},"end":{"line":43,"column":3}},"line":35},"4":{"name":"(anonymous_4)","decl":{"start":{"line":45,"column":2},"end":{"line":45,"column":3}},"loc":{"start":{"line":45,"column":48},"end":{"line":47,"column":3}},"line":45},"5":{"name":"(anonymous_5)","decl":{"start":{"line":49,"column":2},"end":{"line":49,"column":3}},"loc":{"start":{"line":49,"column":40},"end":{"line":53,"column":3}},"line":49},"6":{"name":"(anonymous_6)","decl":{"start":{"line":55,"column":2},"end":{"line":55,"column":3}},"loc":{"start":{"line":55,"column":19},"end":{"line":57,"column":3}},"line":55}},"branchMap":{"0":{"loc":{"start":{"line":23,"column":4},"end":{"line":23,"column":26}},"type":"if","locations":[{"start":{"line":23,"column":4},"end":{"line":23,"column":26}},{"start":{},"end":{}}],"line":23},"1":{"loc":{"start":{"line":37,"column":4},"end":{"line":37,"column":26}},"type":"if","locations":[{"start":{"line":37,"column":4},"end":{"line":37,"column":26}},{"start":{},"end":{}}],"line":37},"2":{"loc":{"start":{"line":51,"column":4},"end":{"line":51,"column":26}},"type":"if","locations":[{"start":{"line":51,"column":4},"end":{"line":51,"column":26}},{"start":{},"end":{}}],"line":51}},"s":{"0":10,"1":10,"2":10,"3":2,"4":2,"5":2,"6":1,"7":1,"8":1,"9":0,"10":1,"11":2,"12":2,"13":1,"14":1,"15":1,"16":0,"17":1,"18":1,"19":1,"20":0,"21":1,"22":7},"f":{"0":2,"1":2,"2":1,"3":2,"4":1,"5":1,"6":7},"b":{"0":[1,1],"1":[1,1],"2":[0,1]},"_coverageSchema":"1a1c01bbd47fc00a2c39e90264f33305004495a9","hash":"5e6afff93cc189bcf766138b84369be6f173a86e"}
,"/Users/yemalin.godonou/Documents/works/tiko/medicalnote/mobile/services/push-notification-service.ts": {"path":"/Users/yemalin.godonou/Documents/works/tiko/medicalnote/mobile/services/push-notification-service.ts","statementMap":{"0":{"start":{"line":11,"column":39},"end":{"line":76,"column":1}},"1":{"start":{"line":13,"column":23},"end":{"line":13,"column":60}},"2":{"start":{"line":15,"column":6},"end":{"line":16,"column":62}},"3":{"start":{"line":17,"column":4},"end":{"line":17,"column":19}},"4":{"start":{"line":21,"column":4},"end":{"line":21,"column":34}},"5":{"start":{"line":25,"column":4},"end":{"line":28,"column":7}},"6":{"start":{"line":32,"column":30},"end":{"line":32,"column":60}},"7":{"start":{"line":33,"column":4},"end":{"line":33,"column":35}},"8":{"start":{"line":33,"column":28},"end":{"line":33,"column":35}},"9":{"start":{"line":35,"column":18},"end":{"line":35,"column":45}},"10":{"start":{"line":36,"column":4},"end":{"line":36,"column":42}},"11":{"start":{"line":42,"column":4},"end":{"line":50,"column":6}},"12":{"start":{"line":44,"column":8},"end":{"line":48,"column":11}},"13":{"start":{"line":56,"column":4},"end":{"line":64,"column":6}},"14":{"start":{"line":58,"column":8},"end":{"line":62,"column":11}},"15":{"start":{"line":68,"column":26},"end":{"line":68,"column":68}},"16":{"start":{"line":69,"column":4},"end":{"line":69,"column":36}},"17":{"start":{"line":69,"column":24},"end":{"line":69,"column":36}},"18":{"start":{"line":70,"column":4},"end":{"line":74,"column":6}}},"fnMap":{"0":{"name":"(anonymous_0)","decl":{"start":{"line":12,"column":2},"end":{"line":12,"column":3}},"loc":{"start":{"line":12,"column":46},"end":{"line":18,"column":3}},"line":12},"1":{"name":"(anonymous_1)","decl":{"start":{"line":20,"column":2},"end":{"line":20,"column":3}},"loc":{"start":{"line":20,"column":42},"end":{"line":22,"column":3}},"line":20},"2":{"name":"(anonymous_2)","decl":{"start":{"line":24,"column":2},"end":{"line":24,"column":3}},"loc":{"start":{"line":24,"column":58},"end":{"line":29,"column":3}},"line":24},"3":{"name":"(anonymous_3)","decl":{"start":{"line":31,"column":2},"end":{"line":31,"column":3}},"loc":{"start":{"line":31,"column":47},"end":{"line":37,"column":3}},"line":31},"4":{"name":"(anonymous_4)","decl":{"start":{"line":39,"column":2},"end":{"line":39,"column":3}},"loc":{"start":{"line":41,"column":16},"end":{"line":51,"column":3}},"line":41},"5":{"name":"(anonymous_5)","decl":{"start":{"line":43,"column":6},"end":{"line":43,"column":7}},"loc":{"start":{"line":43,"column":63},"end":{"line":49,"column":7}},"line":43},"6":{"name":"(anonymous_6)","decl":{"start":{"line":53,"column":2},"end":{"line":53,"column":3}},"loc":{"start":{"line":55,"column":16},"end":{"line":65,"column":3}},"line":55},"7":{"name":"(anonymous_7)","decl":{"start":{"line":57,"column":6},"end":{"line":57,"column":7}},"loc":{"start":{"line":57,"column":63},"end":{"line":63,"column":7}},"line":57},"8":{"name":"(anonymous_8)","decl":{"start":{"line":67,"column":2},"end":{"line":67,"column":3}},"loc":{"start":{"line":67,"column":70},"end":{"line":75,"column":3}},"line":67}},"branchMap":{"0":{"loc":{"start":{"line":15,"column":6},"end":{"line":16,"column":62}},"type":"binary-expr","locations":[{"start":{"line":15,"column":6},"end":{"line":15,"column":61}},{"start":{"line":16,"column":6},"end":{"line":16,"column":62}}],"line":15},"1":{"loc":{"start":{"line":33,"column":4},"end":{"line":33,"column":35}},"type":"if","locations":[{"start":{"line":33,"column":4},"end":{"line":33,"column":35}},{"start":{},"end":{}}],"line":33},"2":{"loc":{"start":{"line":69,"column":4},"end":{"line":69,"column":36}},"type":"if","locations":[{"start":{"line":69,"column":4},"end":{"line":69,"column":36}},{"start":{},"end":{}}],"line":69}},"s":{"0":1,"1":1,"2":1,"3":1,"4":1,"5":1,"6":0,"7":0,"8":0,"9":0,"10":0,"11":1,"12":0,"13":1,"14":0,"15":0,"16":0,"17":0,"18":0},"f":{"0":1,"1":1,"2":1,"3":0,"4":1,"5":0,"6":1,"7":0,"8":0},"b":{"0":[1,0],"1":[0,0],"2":[0,0]},"_coverageSchema":"1a1c01bbd47fc00a2c39e90264f33305004495a9","hash":"1ecdca180ca208c952d88f1ba538926aeb76141b"}
,"/Users/yemalin.godonou/Documents/works/tiko/medicalnote/mobile/services/summary-service.ts": {"path":"/Users/yemalin.godonou/Documents/works/tiko/medicalnote/mobile/services/summary-service.ts","statementMap":{"0":{"start":{"line":5,"column":30},"end":{"line":44,"column":1}},"1":{"start":{"line":7,"column":4},"end":{"line":21,"column":5}},"2":{"start":{"line":8,"column":23},"end":{"line":10,"column":7}},"3":{"start":{"line":11,"column":24},"end":{"line":11,"column":45}},"4":{"start":{"line":12,"column":6},"end":{"line":12,"column":43}},"5":{"start":{"line":13,"column":6},"end":{"line":13,"column":52}},"6":{"start":{"line":14,"column":6},"end":{"line":14,"column":23}},"7":{"start":{"line":16,"column":21},"end":{"line":16,"column":48}},"8":{"start":{"line":17,"column":6},"end":{"line":19,"column":7}},"9":{"start":{"line":18,"column":8},"end":{"line":18,"column":22}},"10":{"start":{"line":20,"column":6},"end":{"line":20,"column":18}},"11":{"start":{"line":25,"column":4},"end":{"line":38,"column":5}},"12":{"start":{"line":26,"column":23},"end":{"line":28,"column":7}},"13":{"start":{"line":29,"column":22},"end":{"line":29,"column":35}},"14":{"start":{"line":30,"column":6},"end":{"line":30,"column":49}},"15":{"start":{"line":31,"column":6},"end":{"line":31,"column":21}},"16":{"start":{"line":33,"column":21},"end":{"line":33,"column":54}},"17":{"start":{"line":34,"column":6},"end":{"line":36,"column":7}},"18":{"start":{"line":35,"column":8},"end":{"line":35,"column":22}},"19":{"start":{"line":37,"column":6},"end":{"line":37,"column":18}},"20":{"start":{"line":42,"column":4},"end":{"line":42,"column":60}}},"fnMap":{"0":{"name":"(anonymous_0)","decl":{"start":{"line":6,"column":2},"end":{"line":6,"column":3}},"loc":{"start":{"line":6,"column":50},"end":{"line":22,"column":3}},"line":6},"1":{"name":"(anonymous_1)","decl":{"start":{"line":24,"column":2},"end":{"line":24,"column":3}},"loc":{"start":{"line":24,"column":62},"end":{"line":39,"column":3}},"line":24},"2":{"name":"(anonymous_2)","decl":{"start":{"line":41,"column":2},"end":{"line":41,"column":3}},"loc":{"start":{"line":41,"column":46},"end":{"line":43,"column":3}},"line":41}},"branchMap":{"0":{"loc":{"start":{"line":17,"column":6},"end":{"line":19,"column":7}},"type":"if","locations":[{"start":{"line":17,"column":6},"end":{"line":19,"column":7}},{"start":{},"end":{}}],"line":17},"1":{"loc":{"start":{"line":34,"column":6},"end":{"line":36,"column":7}},"type":"if","locations":[{"start":{"line":34,"column":6},"end":{"line":36,"column":7}},{"start":{},"end":{}}],"line":34}},"s":{"0":4,"1":3,"2":3,"3":1,"4":1,"5":1,"6":1,"7":2,"8":2,"9":1,"10":1,"11":2,"12":2,"13":1,"14":1,"15":1,"16":1,"17":1,"18":1,"19":0,"20":1},"f":{"0":3,"1":2,"2":1},"b":{"0":[1,1],"1":[1,0]},"_coverageSchema":"1a1c01bbd47fc00a2c39e90264f33305004495a9","hash":"5288b3d424604cba1dbf483996ba32e0de468dfe"}
,"/Users/yemalin.godonou/Documents/works/tiko/medicalnote/mobile/services/sync-manager.ts": {"path":"/Users/yemalin.godonou/Documents/works/tiko/medicalnote/mobile/services/sync-manager.ts","statementMap":{"0":{"start":{"line":4,"column":25},"end":{"line":4,"column":38}},"1":{"start":{"line":6,"column":27},"end":{"line":18,"column":1}},"2":{"start":{"line":8,"column":21},"end":{"line":8,"column":56}},"3":{"start":{"line":9,"column":4},"end":{"line":11,"column":5}},"4":{"start":{"line":10,"column":6},"end":{"line":10,"column":13}},"5":{"start":{"line":12,"column":4},"end":{"line":16,"column":5}},"6":{"start":{"line":13,"column":6},"end":{"line":13,"column":42}}},"fnMap":{"0":{"name":"(anonymous_0)","decl":{"start":{"line":7,"column":2},"end":{"line":7,"column":3}},"loc":{"start":{"line":7,"column":41},"end":{"line":17,"column":3}},"line":7}},"branchMap":{"0":{"loc":{"start":{"line":9,"column":4},"end":{"line":11,"column":5}},"type":"if","locations":[{"start":{"line":9,"column":4},"end":{"line":11,"column":5}},{"start":{},"end":{}}],"line":9},"1":{"loc":{"start":{"line":9,"column":8},"end":{"line":9,"column":60}},"type":"binary-expr","locations":[{"start":{"line":9,"column":8},"end":{"line":9,"column":16}},{"start":{"line":9,"column":20},"end":{"line":9,"column":60}}],"line":9}},"s":{"0":1,"1":1,"2":3,"3":3,"4":1,"5":2,"6":2},"f":{"0":3},"b":{"0":[1,2],"1":[3,2]},"_coverageSchema":"1a1c01bbd47fc00a2c39e90264f33305004495a9","hash":"ac4deca31a1036b0b05280e834921b5b71244aac"}
,"/Users/yemalin.godonou/Documents/works/tiko/medicalnote/mobile/services/token-storage.ts": {"path":"/Users/yemalin.godonou/Documents/works/tiko/medicalnote/mobile/services/token-storage.ts","statementMap":{"0":{"start":{"line":3,"column":13},"end":{"line":7,"column":10}},"1":{"start":{"line":14,"column":28},"end":{"line":41,"column":1}},"2":{"start":{"line":16,"column":4},"end":{"line":16,"column":69}},"3":{"start":{"line":17,"column":4},"end":{"line":17,"column":71}},"4":{"start":{"line":21,"column":4},"end":{"line":21,"column":55}},"5":{"start":{"line":25,"column":4},"end":{"line":25,"column":56}},"6":{"start":{"line":29,"column":4},"end":{"line":29,"column":57}},"7":{"start":{"line":33,"column":4},"end":{"line":33,"column":50}},"8":{"start":{"line":37,"column":4},"end":{"line":37,"column":57}},"9":{"start":{"line":38,"column":4},"end":{"line":38,"column":58}},"10":{"start":{"line":39,"column":4},"end":{"line":39,"column":52}}},"fnMap":{"0":{"name":"(anonymous_0)","decl":{"start":{"line":15,"column":2},"end":{"line":15,"column":3}},"loc":{"start":{"line":15,"column":53},"end":{"line":18,"column":3}},"line":15},"1":{"name":"(anonymous_1)","decl":{"start":{"line":20,"column":2},"end":{"line":20,"column":3}},"loc":{"start":{"line":20,"column":49},"end":{"line":22,"column":3}},"line":20},"2":{"name":"(anonymous_2)","decl":{"start":{"line":24,"column":2},"end":{"line":24,"column":3}},"loc":{"start":{"line":24,"column":50},"end":{"line":26,"column":3}},"line":24},"3":{"name":"(anonymous_3)","decl":{"start":{"line":28,"column":2},"end":{"line":28,"column":3}},"loc":{"start":{"line":28,"column":49},"end":{"line":30,"column":3}},"line":28},"4":{"name":"(anonymous_4)","decl":{"start":{"line":32,"column":2},"end":{"line":32,"column":3}},"loc":{"start":{"line":32,"column":44},"end":{"line":34,"column":3}},"line":32},"5":{"name":"(anonymous_5)","decl":{"start":{"line":36,"column":2},"end":{"line":36,"column":3}},"loc":{"start":{"line":36,"column":37},"end":{"line":40,"column":3}},"line":36}},"branchMap":{},"s":{"0":12,"1":12,"2":1,"3":1,"4":1,"5":1,"6":1,"7":2,"8":1,"9":1,"10":1},"f":{"0":1,"1":1,"2":1,"3":1,"4":2,"5":1},"b":{},"_coverageSchema":"1a1c01bbd47fc00a2c39e90264f33305004495a9","hash":"5cd1be85160a16e22b589e7325e5c9e4295a6038"}
,"/Users/yemalin.godonou/Documents/works/tiko/medicalnote/mobile/types/api.ts": {"path":"/Users/yemalin.godonou/Documents/works/tiko/medicalnote/mobile/types/api.ts","statementMap":{},"fnMap":{},"branchMap":{},"s":{},"f":{},"b":{}}
}
