TN:
SF:index.ts
FNF:0
FNH:0
LF:0
LH:0
BRF:0
BRH:0
end_of_record
TN:
SF:app/_layout.tsx
FN:19,RootLayoutNav
FN:24,(anonymous_1)
FN:36,(anonymous_2)
FN:40,(anonymous_3)
FN:45,(anonymous_4)
FN:52,(anonymous_5)
FN:59,(anonymous_6)
FN:66,(anonymous_7)
FN:75,RootLayout
FNF:9
FNH:0
FNDA:0,RootLayoutNav
FNDA:0,(anonymous_1)
FNDA:0,(anonymous_2)
FNDA:0,(anonymous_3)
FNDA:0,(anonymous_4)
FNDA:0,(anonymous_5)
FNDA:0,(anonymous_6)
FNDA:0,(anonymous_7)
FNDA:0,RootLayout
DA:8,0
DA:20,0
DA:21,0
DA:22,0
DA:24,0
DA:25,0
DA:27,0
DA:29,0
DA:30,0
DA:31,0
DA:32,0
DA:36,0
DA:37,0
DA:40,0
DA:45,0
DA:46,0
DA:47,0
DA:52,0
DA:53,0
DA:54,0
DA:59,0
DA:61,0
DA:66,0
DA:67,0
DA:68,0
DA:72,0
DA:76,0
LF:27
LH:0
BRDA:25,0,0,0
BRDA:25,0,1,0
BRDA:29,1,0,0
BRDA:29,1,1,0
BRDA:29,2,0,0
BRDA:29,2,1,0
BRDA:31,3,0,0
BRDA:31,3,1,0
BRDA:31,4,0,0
BRDA:31,4,1,0
BRDA:37,5,0,0
BRDA:37,5,1,0
BRDA:46,6,0,0
BRDA:46,6,1,0
BRDA:53,7,0,0
BRDA:53,7,1,0
BRDA:61,8,0,0
BRDA:61,8,1,0
BRF:18
BRH:0
end_of_record
TN:
SF:app/(auth)/_layout.tsx
FN:3,AuthLayout
FNF:1
FNH:0
FNDA:0,AuthLayout
DA:4,0
LF:1
LH:0
BRF:0
BRH:0
end_of_record
TN:
SF:app/(auth)/login.tsx
FN:15,LoginScreen
FN:26,(anonymous_1)
FN:44,(anonymous_2)
FN:61,(anonymous_3)
FN:63,(anonymous_4)
FN:64,(anonymous_5)
FN:74,(anonymous_6)
FNF:7
FNH:4
FNDA:16,LoginScreen
FNDA:3,(anonymous_1)
FNDA:1,(anonymous_2)
FNDA:3,(anonymous_3)
FNDA:0,(anonymous_4)
FNDA:0,(anonymous_5)
FNDA:0,(anonymous_6)
DA:16,16
DA:17,16
DA:19,16
DA:20,16
DA:21,16
DA:22,16
DA:23,16
DA:24,16
DA:26,16
DA:27,3
DA:28,3
DA:29,3
DA:30,3
DA:31,3
DA:32,3
DA:33,3
DA:36,0
DA:38,0
DA:40,3
DA:44,16
DA:45,1
DA:46,1
DA:47,1
DA:48,1
DA:49,1
DA:53,0
DA:55,0
DA:57,1
DA:61,16
DA:62,3
DA:63,3
DA:64,0
DA:65,0
DA:66,0
DA:67,0
DA:69,0
DA:74,16
DA:75,0
DA:76,0
DA:77,0
DA:78,0
DA:81,0
DA:83,0
DA:87,16
DA:167,1
LF:45
LH:30
BRDA:27,0,0,0
BRDA:27,0,1,3
BRDA:36,1,0,0
BRDA:36,1,1,0
BRDA:45,2,0,0
BRDA:45,2,1,1
BRDA:45,3,0,1
BRDA:45,3,1,1
BRDA:53,4,0,0
BRDA:53,4,1,0
BRDA:65,5,0,0
BRDA:65,5,1,0
BRDA:81,6,0,0
BRDA:81,6,1,0
BRDA:90,7,0,16
BRDA:90,7,1,0
BRDA:97,8,0,10
BRDA:97,8,1,6
BRDA:113,9,0,10
BRDA:113,9,1,0
BRDA:118,10,0,10
BRDA:118,10,1,7
BRDA:140,11,0,6
BRDA:140,11,1,0
BRDA:145,12,0,6
BRDA:145,12,1,5
BRDA:156,13,0,6
BRDA:156,13,1,0
BRF:28
BRH:14
end_of_record
TN:
SF:app/(auth)/profile-setup.tsx
FN:8,ProfileSetupScreen
FN:17,(anonymous_1)
FNF:2
FNH:2
FNDA:6,ProfileSetupScreen
FNDA:1,(anonymous_1)
DA:9,6
DA:10,6
DA:12,6
DA:13,6
DA:14,6
DA:15,6
DA:17,6
DA:18,1
DA:19,1
DA:20,1
DA:25,1
DA:26,1
DA:30,1
DA:34,6
DA:91,1
LF:15
LH:15
BRDA:14,0,0,6
BRDA:14,0,1,6
BRDA:37,1,0,6
BRDA:37,1,1,0
BRDA:81,2,0,6
BRDA:81,2,1,5
BRF:6
BRH:5
end_of_record
TN:
SF:app/(tabs)/_layout.tsx
FN:5,TabsLayout
FN:20,(anonymous_1)
FN:29,(anonymous_2)
FNF:3
FNH:0
FNDA:0,TabsLayout
FNDA:0,(anonymous_1)
FNDA:0,(anonymous_2)
DA:6,0
DA:8,0
DA:21,0
DA:30,0
LF:4
LH:0
BRF:0
BRH:0
end_of_record
TN:
SF:app/(tabs)/profile.tsx
FN:15,ProfileScreen
FN:22,(anonymous_1)
FN:29,(anonymous_2)
FN:79,(anonymous_3)
FN:95,(anonymous_4)
FN:96,(anonymous_5)
FN:106,(anonymous_6)
FNF:7
FNH:6
FNDA:2,ProfileScreen
FNDA:0,(anonymous_1)
FNDA:1,(anonymous_2)
FNDA:2,(anonymous_3)
FNDA:2,(anonymous_4)
FNDA:2,(anonymous_5)
FNDA:2,(anonymous_6)
DA:16,2
DA:17,2
DA:18,2
DA:19,2
DA:21,2
DA:23,0
DA:24,0
DA:29,2
DA:30,1
DA:44,2
DA:46,2
DA:80,2
DA:95,2
DA:96,2
DA:106,2
DA:122,1
LF:16
LH:14
BRDA:19,0,0,2
BRDA:19,0,1,0
BRDA:44,1,0,2
BRDA:44,1,1,0
BRDA:75,2,0,2
BRDA:75,2,1,0
BRF:6
BRH:3
end_of_record
TN:
SF:app/(tabs)/summaries/[id].tsx
FN:18,SummaryDetailScreen
FN:26,(anonymous_1)
FN:27,(anonymous_2)
FN:50,(anonymous_3)
FN:120,(anonymous_4)
FNF:5
FNH:4
FNDA:147,SummaryDetailScreen
FNDA:101,(anonymous_1)
FNDA:101,(anonymous_2)
FNDA:0,(anonymous_3)
FNDA:48,(anonymous_4)
DA:19,147
DA:20,147
DA:21,147
DA:22,147
DA:23,147
DA:24,147
DA:26,147
DA:27,101
DA:28,101
DA:29,101
DA:30,101
DA:31,100
DA:34,100
DA:35,100
DA:36,100
DA:42,0
DA:44,100
DA:47,101
DA:50,147
DA:53,0
DA:56,147
DA:57,99
DA:65,48
DA:66,0
DA:73,48
DA:77,48
DA:121,48
DA:143,1
LF:28
LH:25
BRDA:34,0,0,100
BRDA:34,0,1,0
BRDA:56,1,0,99
BRDA:56,1,1,48
BRDA:65,2,0,0
BRDA:65,2,1,48
BRDA:65,3,0,48
BRDA:65,3,1,48
BRDA:68,4,0,0
BRDA:68,4,1,0
BRDA:73,5,0,0
BRDA:73,5,1,48
BRDA:73,6,0,48
BRDA:73,6,1,0
BRDA:99,7,0,48
BRDA:99,7,1,0
BRDA:114,8,0,48
BRDA:114,8,1,48
BRF:18
BRH:11
end_of_record
TN:
SF:app/(tabs)/summaries/_layout.tsx
FN:3,SummariesLayout
FNF:1
FNH:0
FNDA:0,SummariesLayout
DA:4,0
LF:1
LH:0
BRF:0
BRH:0
end_of_record
TN:
SF:app/(tabs)/summaries/index.tsx
FN:10,SummaryListScreen
FN:18,(anonymous_1)
FN:28,(anonymous_2)
FN:29,(anonymous_3)
FN:37,(anonymous_4)
FN:44,(anonymous_5)
FN:83,(anonymous_6)
FN:84,(anonymous_7)
FNF:8
FNH:6
FNDA:276,SummaryListScreen
FNDA:186,(anonymous_1)
FNDA:186,(anonymous_2)
FNDA:186,(anonymous_3)
FNDA:0,(anonymous_4)
FNDA:0,(anonymous_5)
FNDA:2,(anonymous_6)
FNDA:1,(anonymous_7)
DA:11,276
DA:12,276
DA:13,276
DA:14,276
DA:15,276
DA:16,276
DA:18,276
DA:19,186
DA:20,186
DA:21,186
DA:22,154
DA:24,31
DA:28,276
DA:29,186
DA:30,186
DA:31,186
DA:32,185
DA:34,186
DA:37,276
DA:38,0
DA:39,0
DA:40,0
DA:43,276
DA:45,0
DA:50,276
DA:51,185
DA:59,91
DA:60,15
DA:70,76
DA:71,75
DA:80,1
DA:83,2
DA:85,1
DA:95,1
LF:34
LH:30
BRDA:50,0,0,185
BRDA:50,0,1,91
BRDA:59,1,0,15
BRDA:59,1,1,76
BRDA:70,2,0,75
BRDA:70,2,1,1
BRF:6
BRH:6
end_of_record
TN:
SF:components/language-toggle.tsx
FN:11,LanguageToggle
FN:18,(anonymous_1)
FNF:2
FNH:2
FNDA:51,LanguageToggle
FNDA:2,(anonymous_1)
DA:12,51
DA:14,51
DA:18,2
DA:29,2
LF:4
LH:4
BRF:0
BRH:0
end_of_record
TN:
SF:components/medical-term-tooltip.tsx
FN:10,MedicalTermTooltip
FN:15,(anonymous_1)
FNF:2
FNH:2
FNDA:54,MedicalTermTooltip
FNDA:3,(anonymous_1)
DA:11,54
DA:13,54
DA:15,3
DA:29,2
LF:4
LH:4
BRDA:18,0,0,54
BRDA:18,0,1,2
BRF:2
BRH:2
end_of_record
TN:
SF:components/summary-card.tsx
FN:12,SummaryCard
FN:20,(anonymous_1)
FNF:2
FNH:2
FNDA:6,SummaryCard
FNDA:1,(anonymous_1)
DA:13,6
DA:14,6
DA:15,6
DA:17,6
DA:20,1
DA:43,2
LF:6
LH:6
BRDA:14,0,0,6
BRDA:14,0,1,5
BRDA:15,1,0,0
BRDA:15,1,1,6
BRDA:19,2,0,6
BRDA:19,2,1,5
BRDA:33,3,0,6
BRDA:33,3,1,5
BRF:8
BRH:7
end_of_record
TN:
SF:config/env.ts
FNF:0
FNH:0
DA:1,11
LF:1
LH:1
BRDA:2,0,0,11
BRDA:2,0,1,11
BRDA:3,1,0,11
BRDA:3,1,1,11
BRF:4
BRH:4
end_of_record
TN:
SF:contexts/auth-context.tsx
FN:16,AuthProvider
FN:21,(anonymous_1)
FN:22,(anonymous_2)
FN:39,(anonymous_3)
FN:43,(anonymous_4)
FN:49,(anonymous_5)
FN:64,useAuth
FNF:7
FNH:6
FNDA:8,AuthProvider
FNDA:3,(anonymous_1)
FNDA:3,(anonymous_2)
FNDA:0,(anonymous_3)
FNDA:1,(anonymous_4)
FNDA:1,(anonymous_5)
FNDA:8,useAuth
DA:14,4
DA:17,8
DA:18,8
DA:19,8
DA:21,8
DA:22,3
DA:23,3
DA:24,3
DA:25,3
DA:26,1
DA:27,1
DA:28,1
DA:31,0
DA:33,3
DA:36,3
DA:39,8
DA:40,0
DA:43,8
DA:44,1
DA:45,1
DA:46,1
DA:49,8
DA:50,1
DA:51,1
DA:52,1
DA:55,8
DA:65,8
DA:66,8
DA:67,0
DA:69,8
LF:30
LH:27
BRDA:25,0,0,1
BRDA:25,0,1,2
BRDA:66,1,0,0
BRDA:66,1,1,8
BRF:4
BRH:3
end_of_record
TN:
SF:hooks/use-network-status.ts
FN:9,useNetworkStatus
FN:15,(anonymous_1)
FN:17,(anonymous_2)
FN:25,(anonymous_3)
FN:32,(anonymous_4)
FNF:5
FNH:4
FNDA:4,useNetworkStatus
FNDA:2,(anonymous_1)
FNDA:2,(anonymous_2)
FNDA:0,(anonymous_3)
FNDA:2,(anonymous_4)
DA:10,4
DA:15,4
DA:17,2
DA:18,2
DA:25,2
DA:26,0
DA:32,2
DA:35,4
LF:8
LH:7
BRDA:19,0,0,2
BRDA:19,0,1,0
BRDA:27,1,0,0
BRDA:27,1,1,0
BRF:4
BRH:1
end_of_record
TN:
SF:i18n/index.ts
FNF:0
FNH:0
DA:8,1
DA:13,1
DA:14,1
DA:16,1
LF:4
LH:4
BRDA:13,0,0,1
BRDA:13,0,1,0
BRDA:14,1,0,1
BRDA:14,1,1,0
BRF:4
BRH:2
end_of_record
TN:
SF:services/api-client.ts
FN:11,(anonymous_0)
FN:12,(anonymous_1)
FN:32,(anonymous_2)
FN:39,(anonymous_3)
FN:44,(anonymous_4)
FN:45,(anonymous_5)
FN:53,(anonymous_6)
FN:55,(anonymous_7)
FNF:8
FNH:0
FNDA:0,(anonymous_0)
FNDA:0,(anonymous_1)
FNDA:0,(anonymous_2)
FNDA:0,(anonymous_3)
FNDA:0,(anonymous_4)
FNDA:0,(anonymous_5)
FNDA:0,(anonymous_6)
FNDA:0,(anonymous_7)
DA:5,10
DA:9,10
DA:11,10
DA:12,0
DA:13,0
DA:14,0
DA:16,0
DA:19,0
DA:22,10
DA:31,10
DA:33,0
DA:34,0
DA:35,0
DA:37,0
DA:39,0
DA:43,10
DA:44,0
DA:46,0
DA:48,0
DA:49,0
DA:52,0
DA:53,0
DA:54,0
DA:56,0
DA:57,0
DA:61,0
DA:62,0
DA:64,0
DA:65,0
DA:66,0
DA:67,0
DA:70,0
DA:75,0
DA:76,0
DA:78,0
DA:79,0
DA:80,0
DA:82,0
DA:83,0
DA:84,0
DA:86,0
LF:41
LH:6
BRDA:11,0,0,0
BRDA:13,1,0,0
BRDA:13,1,1,0
BRDA:34,2,0,0
BRDA:34,2,1,0
BRDA:48,3,0,0
BRDA:48,3,1,0
BRDA:48,4,0,0
BRDA:48,4,1,0
BRDA:52,5,0,0
BRDA:52,5,1,0
BRDA:66,6,0,0
BRDA:66,6,1,0
BRF:13
BRH:0
end_of_record
TN:
SF:services/auth-service.ts
FN:12,(anonymous_0)
FN:20,(anonymous_1)
FN:31,(anonymous_2)
FN:36,(anonymous_3)
FNF:4
FNH:4
FNDA:1,(anonymous_0)
FNDA:2,(anonymous_1)
FNDA:1,(anonymous_2)
FNDA:2,(anonymous_3)
DA:11,5
DA:13,1
DA:17,1
DA:21,2
DA:25,1
DA:26,1
DA:27,1
DA:28,1
DA:32,1
DA:33,1
DA:37,2
DA:38,2
LF:12
LH:12
BRF:0
BRH:0
end_of_record
TN:
SF:services/background-messaging.ts
FN:4,(anonymous_0)
FNF:1
FNH:0
FNDA:0,(anonymous_0)
DA:4,0
DA:8,0
LF:2
LH:0
BRF:0
BRH:0
end_of_record
TN:
SF:services/offline-cache.ts
FN:17,(anonymous_0)
FN:21,(anonymous_1)
FN:31,(anonymous_2)
FN:35,(anonymous_3)
FN:45,(anonymous_4)
FN:49,(anonymous_5)
FN:55,(anonymous_6)
FNF:7
FNH:7
FNDA:2,(anonymous_0)
FNDA:2,(anonymous_1)
FNDA:1,(anonymous_2)
FNDA:2,(anonymous_3)
FNDA:1,(anonymous_4)
FNDA:1,(anonymous_5)
FNDA:7,(anonymous_6)
DA:4,10
DA:11,10
DA:16,10
DA:18,2
DA:22,2
DA:23,2
DA:24,1
DA:25,1
DA:27,0
DA:32,1
DA:36,2
DA:37,2
DA:38,1
DA:39,1
DA:41,0
DA:46,1
DA:50,1
DA:51,1
DA:52,1
DA:56,7
LF:20
LH:18
BRDA:23,0,0,1
BRDA:23,0,1,1
BRDA:37,1,0,1
BRDA:37,1,1,1
BRDA:51,2,0,0
BRDA:51,2,1,1
BRF:6
BRH:5
end_of_record
TN:
SF:services/push-notification-service.ts
FN:12,(anonymous_0)
FN:20,(anonymous_1)
FN:24,(anonymous_2)
FN:31,(anonymous_3)
FN:39,(anonymous_4)
FN:43,(anonymous_5)
FN:53,(anonymous_6)
FN:57,(anonymous_7)
FN:67,(anonymous_8)
FNF:9
FNH:5
FNDA:1,(anonymous_0)
FNDA:1,(anonymous_1)
FNDA:1,(anonymous_2)
FNDA:0,(anonymous_3)
FNDA:1,(anonymous_4)
FNDA:0,(anonymous_5)
FNDA:1,(anonymous_6)
FNDA:0,(anonymous_7)
FNDA:0,(anonymous_8)
DA:11,1
DA:13,1
DA:15,1
DA:17,1
DA:21,1
DA:25,1
DA:32,0
DA:33,0
DA:35,0
DA:36,0
DA:42,1
DA:44,0
DA:56,1
DA:58,0
DA:68,0
DA:69,0
DA:70,0
LF:17
LH:8
BRDA:15,0,0,1
BRDA:15,0,1,0
BRDA:33,1,0,0
BRDA:33,1,1,0
BRDA:69,2,0,0
BRDA:69,2,1,0
BRF:6
BRH:1
end_of_record
TN:
SF:services/summary-service.ts
FN:6,(anonymous_0)
FN:24,(anonymous_1)
FN:41,(anonymous_2)
FNF:3
FNH:3
FNDA:3,(anonymous_0)
FNDA:2,(anonymous_1)
FNDA:1,(anonymous_2)
DA:5,4
DA:7,3
DA:8,3
DA:11,1
DA:12,1
DA:13,1
DA:14,1
DA:16,2
DA:17,2
DA:18,1
DA:20,1
DA:25,2
DA:26,2
DA:29,1
DA:30,1
DA:31,1
DA:33,1
DA:34,1
DA:35,1
DA:37,0
DA:42,1
LF:21
LH:20
BRDA:17,0,0,1
BRDA:17,0,1,1
BRDA:34,1,0,1
BRDA:34,1,1,0
BRF:4
BRH:3
end_of_record
TN:
SF:services/sync-manager.ts
FN:7,(anonymous_0)
FNF:1
FNH:1
FNDA:3,(anonymous_0)
DA:4,1
DA:6,1
DA:8,3
DA:9,3
DA:10,1
DA:12,2
DA:13,2
LF:7
LH:7
BRDA:9,0,0,1
BRDA:9,0,1,2
BRDA:9,1,0,3
BRDA:9,1,1,2
BRF:4
BRH:4
end_of_record
TN:
SF:services/token-storage.ts
FN:15,(anonymous_0)
FN:20,(anonymous_1)
FN:24,(anonymous_2)
FN:28,(anonymous_3)
FN:32,(anonymous_4)
FN:36,(anonymous_5)
FNF:6
FNH:6
FNDA:1,(anonymous_0)
FNDA:1,(anonymous_1)
FNDA:1,(anonymous_2)
FNDA:1,(anonymous_3)
FNDA:2,(anonymous_4)
FNDA:1,(anonymous_5)
DA:3,12
DA:14,12
DA:16,1
DA:17,1
DA:21,1
DA:25,1
DA:29,1
DA:33,2
DA:37,1
DA:38,1
DA:39,1
LF:11
LH:11
BRF:0
BRH:0
end_of_record
TN:
SF:types/api.ts
FNF:0
FNH:0
LF:0
LH:0
BRF:0
BRH:0
end_of_record
